ARM GAS  C:\Users\29237\AppData\Local\Temp\cc8OSnEp.s 			page 1


   1              		.cpu cortex-m4
   2              		.arch armv7e-m
   3              		.fpu fpv4-sp-d16
   4              		.eabi_attribute 27, 1
   5              		.eabi_attribute 28, 1
   6              		.eabi_attribute 20, 1
   7              		.eabi_attribute 21, 1
   8              		.eabi_attribute 23, 3
   9              		.eabi_attribute 24, 1
  10              		.eabi_attribute 25, 1
  11              		.eabi_attribute 26, 1
  12              		.eabi_attribute 30, 1
  13              		.eabi_attribute 34, 1
  14              		.eabi_attribute 18, 4
  15              		.file	"bsp_dwt.c"
  16              		.text
  17              	.Ltext0:
  18              		.cfi_sections	.debug_frame
  19              		.file 1 "bsp/dwt/bsp_dwt.c"
  20              		.section	.text.DWT_CNT_Update,"ax",%progbits
  21              		.align	1
  22              		.syntax unified
  23              		.thumb
  24              		.thumb_func
  26              	DWT_CNT_Update:
  27              	.LFB243:
   1:bsp/dwt/bsp_dwt.c **** /**
   2:bsp/dwt/bsp_dwt.c ****  ******************************************************************************
   3:bsp/dwt/bsp_dwt.c ****  * @file	bsp_dwt.c
   4:bsp/dwt/bsp_dwt.c ****  * @author  Wang Hongxi
   5:bsp/dwt/bsp_dwt.c ****  * @author modified by Neo with annotation
   6:bsp/dwt/bsp_dwt.c ****  * @version V1.1.0
   7:bsp/dwt/bsp_dwt.c ****  * @date    2022/3/8
   8:bsp/dwt/bsp_dwt.c ****  * @brief
   9:bsp/dwt/bsp_dwt.c ****  */
  10:bsp/dwt/bsp_dwt.c **** 
  11:bsp/dwt/bsp_dwt.c **** #include "bsp_dwt.h"
  12:bsp/dwt/bsp_dwt.c **** #include "cmsis_os.h"
  13:bsp/dwt/bsp_dwt.c **** 
  14:bsp/dwt/bsp_dwt.c **** static DWT_Time_t SysTime;
  15:bsp/dwt/bsp_dwt.c **** static uint32_t CPU_FREQ_Hz, CPU_FREQ_Hz_ms, CPU_FREQ_Hz_us;
  16:bsp/dwt/bsp_dwt.c **** static uint32_t CYCCNT_RountCount;
  17:bsp/dwt/bsp_dwt.c **** static uint32_t CYCCNT_LAST;
  18:bsp/dwt/bsp_dwt.c **** static uint64_t CYCCNT64;
  19:bsp/dwt/bsp_dwt.c **** 
  20:bsp/dwt/bsp_dwt.c **** /**
  21:bsp/dwt/bsp_dwt.c ****  * @brief 私有函数,用于检查DWT CYCCNT寄存器是否溢出,并更新CYCCNT_RountCount
  22:bsp/dwt/bsp_dwt.c ****  * @attention 此函数假设两次调用之间的时间间隔不超过一次溢出
  23:bsp/dwt/bsp_dwt.c ****  *
  24:bsp/dwt/bsp_dwt.c ****  * @todo 更好的方案是为dwt的时间更新单独设置一个任务?
  25:bsp/dwt/bsp_dwt.c ****  *       不过,使用dwt的初衷是定时不被中断/任务等因素影响,因此该实现仍然
  26:bsp/dwt/bsp_dwt.c ****  *
  27:bsp/dwt/bsp_dwt.c ****  */
  28:bsp/dwt/bsp_dwt.c **** static void DWT_CNT_Update(void)
  29:bsp/dwt/bsp_dwt.c **** {
  28              		.loc 1 29 1 view -0
  29              		.cfi_startproc
ARM GAS  C:\Users\29237\AppData\Local\Temp\cc8OSnEp.s 			page 2


  30              		@ args = 0, pretend = 0, frame = 8
  31              		@ frame_needed = 0, uses_anonymous_args = 0
  32              		@ link register save eliminated.
  30:bsp/dwt/bsp_dwt.c ****     static volatile uint8_t bit_locker = 0;
  33              		.loc 1 30 5 view .LVU1
  31:bsp/dwt/bsp_dwt.c ****     if (!bit_locker)
  34              		.loc 1 31 5 view .LVU2
  35              		.loc 1 31 9 is_stmt 0 view .LVU3
  36 0000 0E4B     		ldr	r3, .L8
  37 0002 1B78     		ldrb	r3, [r3]	@ zero_extendqisi2
  38              		.loc 1 31 8 view .LVU4
  39 0004 C3B9     		cbnz	r3, .L5
  29:bsp/dwt/bsp_dwt.c ****     static volatile uint8_t bit_locker = 0;
  40              		.loc 1 29 1 view .LVU5
  41 0006 82B0     		sub	sp, sp, #8
  42              	.LCFI0:
  43              		.cfi_def_cfa_offset 8
  44              	.LBB2:
  32:bsp/dwt/bsp_dwt.c ****     {
  33:bsp/dwt/bsp_dwt.c ****         bit_locker = 1;
  45              		.loc 1 33 9 is_stmt 1 view .LVU6
  46              		.loc 1 33 20 is_stmt 0 view .LVU7
  47 0008 0C4B     		ldr	r3, .L8
  48 000a 0122     		movs	r2, #1
  49 000c 1A70     		strb	r2, [r3]
  34:bsp/dwt/bsp_dwt.c ****         volatile uint32_t cnt_now = DWT->CYCCNT;
  50              		.loc 1 34 9 is_stmt 1 view .LVU8
  51              		.loc 1 34 40 is_stmt 0 view .LVU9
  52 000e 0C4B     		ldr	r3, .L8+4
  53 0010 5B68     		ldr	r3, [r3, #4]
  54              		.loc 1 34 27 view .LVU10
  55 0012 0193     		str	r3, [sp, #4]
  35:bsp/dwt/bsp_dwt.c ****         if (cnt_now < CYCCNT_LAST)
  56              		.loc 1 35 9 is_stmt 1 view .LVU11
  57              		.loc 1 35 21 is_stmt 0 view .LVU12
  58 0014 019A     		ldr	r2, [sp, #4]
  59 0016 0B4B     		ldr	r3, .L8+8
  60 0018 1B68     		ldr	r3, [r3]
  61              		.loc 1 35 12 view .LVU13
  62 001a 9A42     		cmp	r2, r3
  63 001c 03D2     		bcs	.L3
  36:bsp/dwt/bsp_dwt.c ****             CYCCNT_RountCount++;
  64              		.loc 1 36 13 is_stmt 1 view .LVU14
  65              		.loc 1 36 30 is_stmt 0 view .LVU15
  66 001e 0A4A     		ldr	r2, .L8+12
  67 0020 1368     		ldr	r3, [r2]
  68 0022 0133     		adds	r3, r3, #1
  69 0024 1360     		str	r3, [r2]
  70              	.L3:
  37:bsp/dwt/bsp_dwt.c **** 
  38:bsp/dwt/bsp_dwt.c ****         CYCCNT_LAST = DWT->CYCCNT;
  71              		.loc 1 38 9 is_stmt 1 view .LVU16
  72              		.loc 1 38 26 is_stmt 0 view .LVU17
  73 0026 064B     		ldr	r3, .L8+4
  74 0028 5A68     		ldr	r2, [r3, #4]
  75              		.loc 1 38 21 view .LVU18
  76 002a 064B     		ldr	r3, .L8+8
ARM GAS  C:\Users\29237\AppData\Local\Temp\cc8OSnEp.s 			page 3


  77 002c 1A60     		str	r2, [r3]
  39:bsp/dwt/bsp_dwt.c ****         bit_locker = 0;
  78              		.loc 1 39 9 is_stmt 1 view .LVU19
  79              		.loc 1 39 20 is_stmt 0 view .LVU20
  80 002e 034B     		ldr	r3, .L8
  81 0030 0022     		movs	r2, #0
  82 0032 1A70     		strb	r2, [r3]
  83              	.LBE2:
  40:bsp/dwt/bsp_dwt.c ****     }
  41:bsp/dwt/bsp_dwt.c **** }
  84              		.loc 1 41 1 view .LVU21
  85 0034 02B0     		add	sp, sp, #8
  86              	.LCFI1:
  87              		.cfi_def_cfa_offset 0
  88              		@ sp needed
  89 0036 7047     		bx	lr
  90              	.L5:
  91 0038 7047     		bx	lr
  92              	.L9:
  93 003a 00BF     		.align	2
  94              	.L8:
  95 003c 00000000 		.word	bit_locker.3
  96 0040 001000E0 		.word	-536866816
  97 0044 00000000 		.word	CYCCNT_LAST
  98 0048 00000000 		.word	CYCCNT_RountCount
  99              		.cfi_endproc
 100              	.LFE243:
 102              		.section	.text.DWT_Init,"ax",%progbits
 103              		.align	1
 104              		.global	DWT_Init
 105              		.syntax unified
 106              		.thumb
 107              		.thumb_func
 109              	DWT_Init:
 110              	.LVL0:
 111              	.LFB244:
  42:bsp/dwt/bsp_dwt.c **** 
  43:bsp/dwt/bsp_dwt.c **** void DWT_Init(uint32_t CPU_Freq_mHz)
  44:bsp/dwt/bsp_dwt.c **** {
 112              		.loc 1 44 1 is_stmt 1 view -0
 113              		.cfi_startproc
 114              		@ args = 0, pretend = 0, frame = 0
 115              		@ frame_needed = 0, uses_anonymous_args = 0
 116              		.loc 1 44 1 is_stmt 0 view .LVU23
 117 0000 08B5     		push	{r3, lr}
 118              	.LCFI2:
 119              		.cfi_def_cfa_offset 8
 120              		.cfi_offset 3, -8
 121              		.cfi_offset 14, -4
  45:bsp/dwt/bsp_dwt.c ****     /* 使能DWT外设 */
  46:bsp/dwt/bsp_dwt.c ****     CoreDebug->DEMCR |= CoreDebug_DEMCR_TRCENA_Msk;
 122              		.loc 1 46 5 is_stmt 1 view .LVU24
 123              		.loc 1 46 14 is_stmt 0 view .LVU25
 124 0002 124A     		ldr	r2, .L12
 125 0004 D2F8FC30 		ldr	r3, [r2, #252]
 126              		.loc 1 46 22 view .LVU26
 127 0008 43F08073 		orr	r3, r3, #16777216
ARM GAS  C:\Users\29237\AppData\Local\Temp\cc8OSnEp.s 			page 4


 128 000c C2F8FC30 		str	r3, [r2, #252]
  47:bsp/dwt/bsp_dwt.c **** 
  48:bsp/dwt/bsp_dwt.c ****     /* DWT CYCCNT寄存器计数清0 */
  49:bsp/dwt/bsp_dwt.c ****     DWT->CYCCNT = (uint32_t)0u;
 129              		.loc 1 49 5 is_stmt 1 view .LVU27
 130              		.loc 1 49 17 is_stmt 0 view .LVU28
 131 0010 0F4B     		ldr	r3, .L12+4
 132 0012 0021     		movs	r1, #0
 133 0014 5960     		str	r1, [r3, #4]
  50:bsp/dwt/bsp_dwt.c **** 
  51:bsp/dwt/bsp_dwt.c ****     /* 使能Cortex-M DWT CYCCNT寄存器 */
  52:bsp/dwt/bsp_dwt.c ****     DWT->CTRL |= DWT_CTRL_CYCCNTENA_Msk;
 134              		.loc 1 52 5 is_stmt 1 view .LVU29
 135              		.loc 1 52 8 is_stmt 0 view .LVU30
 136 0016 1A68     		ldr	r2, [r3]
 137              		.loc 1 52 15 view .LVU31
 138 0018 42F00102 		orr	r2, r2, #1
 139 001c 1A60     		str	r2, [r3]
  53:bsp/dwt/bsp_dwt.c **** 
  54:bsp/dwt/bsp_dwt.c ****     CPU_FREQ_Hz = CPU_Freq_mHz * 1000000;
 140              		.loc 1 54 5 is_stmt 1 view .LVU32
 141              		.loc 1 54 32 is_stmt 0 view .LVU33
 142 001e 0D4B     		ldr	r3, .L12+8
 143 0020 03FB00F0 		mul	r0, r3, r0
 144              	.LVL1:
 145              		.loc 1 54 17 view .LVU34
 146 0024 0C4B     		ldr	r3, .L12+12
 147 0026 1860     		str	r0, [r3]
  55:bsp/dwt/bsp_dwt.c ****     CPU_FREQ_Hz_ms = CPU_FREQ_Hz / 1000;
 148              		.loc 1 55 5 is_stmt 1 view .LVU35
 149              		.loc 1 55 34 is_stmt 0 view .LVU36
 150 0028 0C4B     		ldr	r3, .L12+16
 151 002a A3FB0023 		umull	r2, r3, r3, r0
 152 002e 9B09     		lsrs	r3, r3, #6
 153              		.loc 1 55 20 view .LVU37
 154 0030 0B4A     		ldr	r2, .L12+20
 155 0032 1360     		str	r3, [r2]
  56:bsp/dwt/bsp_dwt.c ****     CPU_FREQ_Hz_us = CPU_FREQ_Hz / 1000000;
 156              		.loc 1 56 5 is_stmt 1 view .LVU38
 157              		.loc 1 56 34 is_stmt 0 view .LVU39
 158 0034 0B4B     		ldr	r3, .L12+24
 159 0036 A3FB0030 		umull	r3, r0, r3, r0
 160 003a 800C     		lsrs	r0, r0, #18
 161              		.loc 1 56 20 view .LVU40
 162 003c 0A4B     		ldr	r3, .L12+28
 163 003e 1860     		str	r0, [r3]
  57:bsp/dwt/bsp_dwt.c ****     CYCCNT_RountCount = 0;
 164              		.loc 1 57 5 is_stmt 1 view .LVU41
 165              		.loc 1 57 23 is_stmt 0 view .LVU42
 166 0040 0A4B     		ldr	r3, .L12+32
 167 0042 1960     		str	r1, [r3]
  58:bsp/dwt/bsp_dwt.c **** 
  59:bsp/dwt/bsp_dwt.c ****     DWT_CNT_Update();
 168              		.loc 1 59 5 is_stmt 1 view .LVU43
 169 0044 FFF7FEFF 		bl	DWT_CNT_Update
 170              	.LVL2:
  60:bsp/dwt/bsp_dwt.c **** }
ARM GAS  C:\Users\29237\AppData\Local\Temp\cc8OSnEp.s 			page 5


 171              		.loc 1 60 1 is_stmt 0 view .LVU44
 172 0048 08BD     		pop	{r3, pc}
 173              	.L13:
 174 004a 00BF     		.align	2
 175              	.L12:
 176 004c 00ED00E0 		.word	-536810240
 177 0050 001000E0 		.word	-536866816
 178 0054 40420F00 		.word	1000000
 179 0058 00000000 		.word	CPU_FREQ_Hz
 180 005c D34D6210 		.word	274877907
 181 0060 00000000 		.word	CPU_FREQ_Hz_ms
 182 0064 83DE1B43 		.word	1125899907
 183 0068 00000000 		.word	CPU_FREQ_Hz_us
 184 006c 00000000 		.word	CYCCNT_RountCount
 185              		.cfi_endproc
 186              	.LFE244:
 188              		.section	.text.DWT_GetDeltaT,"ax",%progbits
 189              		.align	1
 190              		.global	DWT_GetDeltaT
 191              		.syntax unified
 192              		.thumb
 193              		.thumb_func
 195              	DWT_GetDeltaT:
 196              	.LVL3:
 197              	.LFB245:
  61:bsp/dwt/bsp_dwt.c **** 
  62:bsp/dwt/bsp_dwt.c **** float DWT_GetDeltaT(uint32_t *cnt_last)
  63:bsp/dwt/bsp_dwt.c **** {
 198              		.loc 1 63 1 is_stmt 1 view -0
 199              		.cfi_startproc
 200              		@ args = 0, pretend = 0, frame = 8
 201              		@ frame_needed = 0, uses_anonymous_args = 0
 202              		.loc 1 63 1 is_stmt 0 view .LVU46
 203 0000 00B5     		push	{lr}
 204              	.LCFI3:
 205              		.cfi_def_cfa_offset 4
 206              		.cfi_offset 14, -4
 207 0002 2DED028B 		vpush.64	{d8}
 208              	.LCFI4:
 209              		.cfi_def_cfa_offset 12
 210              		.cfi_offset 80, -12
 211              		.cfi_offset 81, -8
 212 0006 83B0     		sub	sp, sp, #12
 213              	.LCFI5:
 214              		.cfi_def_cfa_offset 24
  64:bsp/dwt/bsp_dwt.c ****     volatile uint32_t cnt_now = DWT->CYCCNT;
 215              		.loc 1 64 5 is_stmt 1 view .LVU47
 216              		.loc 1 64 36 is_stmt 0 view .LVU48
 217 0008 0D4B     		ldr	r3, .L16
 218 000a 5B68     		ldr	r3, [r3, #4]
 219              		.loc 1 64 23 view .LVU49
 220 000c 0193     		str	r3, [sp, #4]
  65:bsp/dwt/bsp_dwt.c ****     float dt = ((uint32_t)(cnt_now - *cnt_last)) / ((float)(CPU_FREQ_Hz));
 221              		.loc 1 65 5 is_stmt 1 view .LVU50
 222              		.loc 1 65 36 is_stmt 0 view .LVU51
 223 000e 019B     		ldr	r3, [sp, #4]
 224              		.loc 1 65 38 view .LVU52
ARM GAS  C:\Users\29237\AppData\Local\Temp\cc8OSnEp.s 			page 6


 225 0010 0268     		ldr	r2, [r0]
 226              		.loc 1 65 36 view .LVU53
 227 0012 9B1A     		subs	r3, r3, r2
 228              		.loc 1 65 50 view .LVU54
 229 0014 07EE903A 		vmov	s15, r3	@ int
 230 0018 F8EE677A 		vcvt.f32.u32	s15, s15
 231              		.loc 1 65 53 view .LVU55
 232 001c 094B     		ldr	r3, .L16+4
 233 001e 93ED007A 		vldr.32	s14, [r3]	@ int
 234 0022 B8EE477A 		vcvt.f32.u32	s14, s14
 235              		.loc 1 65 11 view .LVU56
 236 0026 87EE878A 		vdiv.f32	s16, s15, s14
 237              	.LVL4:
  66:bsp/dwt/bsp_dwt.c ****     *cnt_last = cnt_now;
 238              		.loc 1 66 5 is_stmt 1 view .LVU57
 239              		.loc 1 66 15 is_stmt 0 view .LVU58
 240 002a 019B     		ldr	r3, [sp, #4]
 241 002c 0360     		str	r3, [r0]
  67:bsp/dwt/bsp_dwt.c **** 
  68:bsp/dwt/bsp_dwt.c ****     DWT_CNT_Update();
 242              		.loc 1 68 5 is_stmt 1 view .LVU59
 243 002e FFF7FEFF 		bl	DWT_CNT_Update
 244              	.LVL5:
  69:bsp/dwt/bsp_dwt.c **** 
  70:bsp/dwt/bsp_dwt.c ****     return dt;
 245              		.loc 1 70 5 view .LVU60
  71:bsp/dwt/bsp_dwt.c **** }
 246              		.loc 1 71 1 is_stmt 0 view .LVU61
 247 0032 B0EE480A 		vmov.f32	s0, s16
 248 0036 03B0     		add	sp, sp, #12
 249              	.LCFI6:
 250              		.cfi_def_cfa_offset 12
 251              		@ sp needed
 252 0038 BDEC028B 		vldm	sp!, {d8}
 253              	.LCFI7:
 254              		.cfi_restore 80
 255              		.cfi_restore 81
 256              		.cfi_def_cfa_offset 4
 257              	.LVL6:
 258              		.loc 1 71 1 view .LVU62
 259 003c 5DF804FB 		ldr	pc, [sp], #4
 260              	.L17:
 261              		.align	2
 262              	.L16:
 263 0040 001000E0 		.word	-536866816
 264 0044 00000000 		.word	CPU_FREQ_Hz
 265              		.cfi_endproc
 266              	.LFE245:
 268              		.section	.text.DWT_GetDeltaT64,"ax",%progbits
 269              		.align	1
 270              		.global	DWT_GetDeltaT64
 271              		.syntax unified
 272              		.thumb
 273              		.thumb_func
 275              	DWT_GetDeltaT64:
 276              	.LVL7:
 277              	.LFB246:
ARM GAS  C:\Users\29237\AppData\Local\Temp\cc8OSnEp.s 			page 7


  72:bsp/dwt/bsp_dwt.c **** 
  73:bsp/dwt/bsp_dwt.c **** double DWT_GetDeltaT64(uint32_t *cnt_last)
  74:bsp/dwt/bsp_dwt.c **** {
 278              		.loc 1 74 1 is_stmt 1 view -0
 279              		.cfi_startproc
 280              		@ args = 0, pretend = 0, frame = 8
 281              		@ frame_needed = 0, uses_anonymous_args = 0
 282              		.loc 1 74 1 is_stmt 0 view .LVU64
 283 0000 D0B5     		push	{r4, r6, r7, lr}
 284              	.LCFI8:
 285              		.cfi_def_cfa_offset 16
 286              		.cfi_offset 4, -16
 287              		.cfi_offset 6, -12
 288              		.cfi_offset 7, -8
 289              		.cfi_offset 14, -4
 290 0002 2DED028B 		vpush.64	{d8}
 291              	.LCFI9:
 292              		.cfi_def_cfa_offset 24
 293              		.cfi_offset 80, -24
 294              		.cfi_offset 81, -20
 295 0006 82B0     		sub	sp, sp, #8
 296              	.LCFI10:
 297              		.cfi_def_cfa_offset 32
 298 0008 0446     		mov	r4, r0
  75:bsp/dwt/bsp_dwt.c ****     volatile uint32_t cnt_now = DWT->CYCCNT;
 299              		.loc 1 75 5 is_stmt 1 view .LVU65
 300              		.loc 1 75 36 is_stmt 0 view .LVU66
 301 000a 114B     		ldr	r3, .L20
 302 000c 5B68     		ldr	r3, [r3, #4]
 303              		.loc 1 75 23 view .LVU67
 304 000e 0193     		str	r3, [sp, #4]
  76:bsp/dwt/bsp_dwt.c ****     double dt = ((uint32_t)(cnt_now - *cnt_last)) / ((double)(CPU_FREQ_Hz));
 305              		.loc 1 76 5 is_stmt 1 view .LVU68
 306              		.loc 1 76 37 is_stmt 0 view .LVU69
 307 0010 0198     		ldr	r0, [sp, #4]
 308              	.LVL8:
 309              		.loc 1 76 39 view .LVU70
 310 0012 2368     		ldr	r3, [r4]
 311              		.loc 1 76 51 view .LVU71
 312 0014 C01A     		subs	r0, r0, r3
 313 0016 FFF7FEFF 		bl	__aeabi_ui2d
 314              	.LVL9:
 315 001a 0646     		mov	r6, r0
 316 001c 0F46     		mov	r7, r1
 317              		.loc 1 76 54 view .LVU72
 318 001e 0D4B     		ldr	r3, .L20+4
 319 0020 1868     		ldr	r0, [r3]
 320 0022 FFF7FEFF 		bl	__aeabi_ui2d
 321              	.LVL10:
 322 0026 0246     		mov	r2, r0
 323 0028 0B46     		mov	r3, r1
 324              		.loc 1 76 12 view .LVU73
 325 002a 3046     		mov	r0, r6
 326 002c 3946     		mov	r1, r7
 327 002e FFF7FEFF 		bl	__aeabi_ddiv
 328              	.LVL11:
 329 0032 41EC180B 		vmov	d8, r0, r1
ARM GAS  C:\Users\29237\AppData\Local\Temp\cc8OSnEp.s 			page 8


 330              	.LVL12:
  77:bsp/dwt/bsp_dwt.c ****     *cnt_last = cnt_now;
 331              		.loc 1 77 5 is_stmt 1 view .LVU74
 332              		.loc 1 77 15 is_stmt 0 view .LVU75
 333 0036 019B     		ldr	r3, [sp, #4]
 334 0038 2360     		str	r3, [r4]
  78:bsp/dwt/bsp_dwt.c **** 
  79:bsp/dwt/bsp_dwt.c ****     DWT_CNT_Update();
 335              		.loc 1 79 5 is_stmt 1 view .LVU76
 336 003a FFF7FEFF 		bl	DWT_CNT_Update
 337              	.LVL13:
  80:bsp/dwt/bsp_dwt.c **** 
  81:bsp/dwt/bsp_dwt.c ****     return dt;
 338              		.loc 1 81 5 view .LVU77
  82:bsp/dwt/bsp_dwt.c **** }
 339              		.loc 1 82 1 is_stmt 0 view .LVU78
 340 003e B0EE480A 		vmov.f32	s0, s16
 341 0042 F0EE680A 		vmov.f32	s1, s17
 342 0046 02B0     		add	sp, sp, #8
 343              	.LCFI11:
 344              		.cfi_def_cfa_offset 24
 345              		@ sp needed
 346 0048 BDEC028B 		vldm	sp!, {d8}
 347              	.LCFI12:
 348              		.cfi_restore 80
 349              		.cfi_restore 81
 350              		.cfi_def_cfa_offset 16
 351              	.LVL14:
 352              		.loc 1 82 1 view .LVU79
 353 004c D0BD     		pop	{r4, r6, r7, pc}
 354              	.LVL15:
 355              	.L21:
 356              		.loc 1 82 1 view .LVU80
 357 004e 00BF     		.align	2
 358              	.L20:
 359 0050 001000E0 		.word	-536866816
 360 0054 00000000 		.word	CPU_FREQ_Hz
 361              		.cfi_endproc
 362              	.LFE246:
 364              		.section	.text.DWT_SysTimeUpdate,"ax",%progbits
 365              		.align	1
 366              		.global	DWT_SysTimeUpdate
 367              		.syntax unified
 368              		.thumb
 369              		.thumb_func
 371              	DWT_SysTimeUpdate:
 372              	.LFB247:
  83:bsp/dwt/bsp_dwt.c **** 
  84:bsp/dwt/bsp_dwt.c **** void DWT_SysTimeUpdate(void)
  85:bsp/dwt/bsp_dwt.c **** {
 373              		.loc 1 85 1 is_stmt 1 view -0
 374              		.cfi_startproc
 375              		@ args = 0, pretend = 0, frame = 8
 376              		@ frame_needed = 0, uses_anonymous_args = 0
 377 0000 2DE9F041 		push	{r4, r5, r6, r7, r8, lr}
 378              	.LCFI13:
 379              		.cfi_def_cfa_offset 24
ARM GAS  C:\Users\29237\AppData\Local\Temp\cc8OSnEp.s 			page 9


 380              		.cfi_offset 4, -24
 381              		.cfi_offset 5, -20
 382              		.cfi_offset 6, -16
 383              		.cfi_offset 7, -12
 384              		.cfi_offset 8, -8
 385              		.cfi_offset 14, -4
 386 0004 82B0     		sub	sp, sp, #8
 387              	.LCFI14:
 388              		.cfi_def_cfa_offset 32
  86:bsp/dwt/bsp_dwt.c ****     volatile uint32_t cnt_now = DWT->CYCCNT;
 389              		.loc 1 86 5 view .LVU82
 390              		.loc 1 86 36 is_stmt 0 view .LVU83
 391 0006 294B     		ldr	r3, .L24
 392 0008 5B68     		ldr	r3, [r3, #4]
 393              		.loc 1 86 23 view .LVU84
 394 000a 0193     		str	r3, [sp, #4]
  87:bsp/dwt/bsp_dwt.c ****     static uint64_t CNT_TEMP1, CNT_TEMP2, CNT_TEMP3;
 395              		.loc 1 87 5 is_stmt 1 view .LVU85
  88:bsp/dwt/bsp_dwt.c **** 
  89:bsp/dwt/bsp_dwt.c ****     DWT_CNT_Update();
 396              		.loc 1 89 5 view .LVU86
 397 000c FFF7FEFF 		bl	DWT_CNT_Update
 398              	.LVL16:
  90:bsp/dwt/bsp_dwt.c **** 
  91:bsp/dwt/bsp_dwt.c ****     CYCCNT64 = (uint64_t)CYCCNT_RountCount * (uint64_t)UINT32_MAX + (uint64_t)cnt_now;
 399              		.loc 1 91 5 view .LVU87
 400              		.loc 1 91 16 is_stmt 0 view .LVU88
 401 0010 274B     		ldr	r3, .L24+4
 402 0012 1C68     		ldr	r4, [r3]
 403 0014 0026     		movs	r6, #0
 404              		.loc 1 91 44 view .LVU89
 405 0016 6508     		lsrs	r5, r4, #1
 406 0018 E307     		lsls	r3, r4, #31
 407 001a 1B1B     		subs	r3, r3, r4
 408 001c 65F10005 		sbc	r5, r5, #0
 409 0020 DB18     		adds	r3, r3, r3
 410 0022 6D41     		adcs	r5, r5, r5
 411 0024 1C19     		adds	r4, r3, r4
 412 0026 45F10005 		adc	r5, r5, #0
 413              		.loc 1 91 69 view .LVU90
 414 002a 019B     		ldr	r3, [sp, #4]
 415              		.loc 1 91 67 view .LVU91
 416 002c E418     		adds	r4, r4, r3
 417 002e 45F10005 		adc	r5, r5, #0
 418              		.loc 1 91 14 view .LVU92
 419 0032 204B     		ldr	r3, .L24+8
 420 0034 1C60     		str	r4, [r3]
 421 0036 5D60     		str	r5, [r3, #4]
  92:bsp/dwt/bsp_dwt.c ****     CNT_TEMP1 = CYCCNT64 / CPU_FREQ_Hz;
 422              		.loc 1 92 5 is_stmt 1 view .LVU93
 423              		.loc 1 92 26 is_stmt 0 view .LVU94
 424 0038 1F4B     		ldr	r3, .L24+12
 425 003a D3F80080 		ldr	r8, [r3]
 426 003e 4246     		mov	r2, r8
 427 0040 3346     		mov	r3, r6
 428 0042 2046     		mov	r0, r4
 429 0044 2946     		mov	r1, r5
ARM GAS  C:\Users\29237\AppData\Local\Temp\cc8OSnEp.s 			page 10


 430 0046 FFF7FEFF 		bl	__aeabi_uldivmod
 431              	.LVL17:
 432 004a 0746     		mov	r7, r0
 433              		.loc 1 92 15 view .LVU95
 434 004c 1B4B     		ldr	r3, .L24+16
 435 004e 1860     		str	r0, [r3]
 436 0050 5960     		str	r1, [r3, #4]
  93:bsp/dwt/bsp_dwt.c ****     CNT_TEMP2 = CYCCNT64 - CNT_TEMP1 * CPU_FREQ_Hz;
 437              		.loc 1 93 5 is_stmt 1 view .LVU96
 438 0052 4246     		mov	r2, r8
 439 0054 3346     		mov	r3, r6
 440 0056 2046     		mov	r0, r4
 441 0058 2946     		mov	r1, r5
 442 005a FFF7FEFF 		bl	__aeabi_uldivmod
 443              	.LVL18:
 444 005e 1046     		mov	r0, r2
 445 0060 1C46     		mov	r4, r3
 446 0062 1546     		mov	r5, r2
 447              		.loc 1 93 15 is_stmt 0 view .LVU97
 448 0064 164B     		ldr	r3, .L24+20
 449 0066 1A60     		str	r2, [r3]
 450 0068 5C60     		str	r4, [r3, #4]
  94:bsp/dwt/bsp_dwt.c ****     SysTime.s = CNT_TEMP1;
 451              		.loc 1 94 5 is_stmt 1 view .LVU98
 452              		.loc 1 94 15 is_stmt 0 view .LVU99
 453 006a DFF86480 		ldr	r8, .L24+36
 454 006e C8F80070 		str	r7, [r8]
  95:bsp/dwt/bsp_dwt.c ****     SysTime.ms = CNT_TEMP2 / CPU_FREQ_Hz_ms;
 455              		.loc 1 95 5 is_stmt 1 view .LVU100
 456              		.loc 1 95 28 is_stmt 0 view .LVU101
 457 0072 144B     		ldr	r3, .L24+24
 458 0074 1F68     		ldr	r7, [r3]
 459 0076 3A46     		mov	r2, r7
 460 0078 3346     		mov	r3, r6
 461 007a 2146     		mov	r1, r4
 462 007c FFF7FEFF 		bl	__aeabi_uldivmod
 463              	.LVL19:
 464              		.loc 1 95 16 view .LVU102
 465 0080 80B2     		uxth	r0, r0
 466 0082 A8F80400 		strh	r0, [r8, #4]	@ movhi
  96:bsp/dwt/bsp_dwt.c ****     CNT_TEMP3 = CNT_TEMP2 - SysTime.ms * CPU_FREQ_Hz_ms;
 467              		.loc 1 96 5 is_stmt 1 view .LVU103
 468              		.loc 1 96 40 is_stmt 0 view .LVU104
 469 0086 00FB07F7 		mul	r7, r0, r7
 470              		.loc 1 96 27 view .LVU105
 471 008a E81B     		subs	r0, r5, r7
 472 008c 64F10001 		sbc	r1, r4, #0
 473              		.loc 1 96 15 view .LVU106
 474 0090 0D4B     		ldr	r3, .L24+28
 475 0092 1860     		str	r0, [r3]
 476 0094 5960     		str	r1, [r3, #4]
  97:bsp/dwt/bsp_dwt.c ****     SysTime.us = CNT_TEMP3 / CPU_FREQ_Hz_us;
 477              		.loc 1 97 5 is_stmt 1 view .LVU107
 478              		.loc 1 97 28 is_stmt 0 view .LVU108
 479 0096 0D4B     		ldr	r3, .L24+32
 480 0098 1A68     		ldr	r2, [r3]
 481 009a 3346     		mov	r3, r6
ARM GAS  C:\Users\29237\AppData\Local\Temp\cc8OSnEp.s 			page 11


 482 009c FFF7FEFF 		bl	__aeabi_uldivmod
 483              	.LVL20:
 484              		.loc 1 97 16 view .LVU109
 485 00a0 A8F80600 		strh	r0, [r8, #6]	@ movhi
  98:bsp/dwt/bsp_dwt.c **** }
 486              		.loc 1 98 1 view .LVU110
 487 00a4 02B0     		add	sp, sp, #8
 488              	.LCFI15:
 489              		.cfi_def_cfa_offset 24
 490              		@ sp needed
 491 00a6 BDE8F081 		pop	{r4, r5, r6, r7, r8, pc}
 492              	.L25:
 493 00aa 00BF     		.align	2
 494              	.L24:
 495 00ac 001000E0 		.word	-536866816
 496 00b0 00000000 		.word	CYCCNT_RountCount
 497 00b4 00000000 		.word	CYCCNT64
 498 00b8 00000000 		.word	CPU_FREQ_Hz
 499 00bc 00000000 		.word	CNT_TEMP1.2
 500 00c0 00000000 		.word	CNT_TEMP2.1
 501 00c4 00000000 		.word	CPU_FREQ_Hz_ms
 502 00c8 00000000 		.word	CNT_TEMP3.0
 503 00cc 00000000 		.word	CPU_FREQ_Hz_us
 504 00d0 00000000 		.word	SysTime
 505              		.cfi_endproc
 506              	.LFE247:
 508              		.section	.text.DWT_GetTimeline_s,"ax",%progbits
 509              		.align	1
 510              		.global	DWT_GetTimeline_s
 511              		.syntax unified
 512              		.thumb
 513              		.thumb_func
 515              	DWT_GetTimeline_s:
 516              	.LFB248:
  99:bsp/dwt/bsp_dwt.c **** 
 100:bsp/dwt/bsp_dwt.c **** float DWT_GetTimeline_s(void)
 101:bsp/dwt/bsp_dwt.c **** {
 517              		.loc 1 101 1 is_stmt 1 view -0
 518              		.cfi_startproc
 519              		@ args = 0, pretend = 0, frame = 0
 520              		@ frame_needed = 0, uses_anonymous_args = 0
 521 0000 08B5     		push	{r3, lr}
 522              	.LCFI16:
 523              		.cfi_def_cfa_offset 8
 524              		.cfi_offset 3, -8
 525              		.cfi_offset 14, -4
 102:bsp/dwt/bsp_dwt.c ****     DWT_SysTimeUpdate();
 526              		.loc 1 102 5 view .LVU112
 527 0002 FFF7FEFF 		bl	DWT_SysTimeUpdate
 528              	.LVL21:
 103:bsp/dwt/bsp_dwt.c **** 
 104:bsp/dwt/bsp_dwt.c ****     float DWT_Timelinef32 = SysTime.s + SysTime.ms * 0.001f + SysTime.us * 0.000001f;
 529              		.loc 1 104 5 view .LVU113
 530              		.loc 1 104 36 is_stmt 0 view .LVU114
 531 0006 0E4B     		ldr	r3, .L28
 532              		.loc 1 104 48 view .LVU115
 533 0008 9A88     		ldrh	r2, [r3, #4]
ARM GAS  C:\Users\29237\AppData\Local\Temp\cc8OSnEp.s 			page 12


 534 000a 07EE902A 		vmov	s15, r2	@ int
 535              		.loc 1 104 52 view .LVU116
 536 000e F8EEE77A 		vcvt.f32.s32	s15, s15
 537 0012 9FED0C7A 		vldr.32	s14, .L28+4
 538 0016 67EE877A 		vmul.f32	s15, s15, s14
 539              		.loc 1 104 39 view .LVU117
 540 001a 93ED007A 		vldr.32	s14, [r3]	@ int
 541 001e B8EE470A 		vcvt.f32.u32	s0, s14
 542 0022 30EE270A 		vadd.f32	s0, s0, s15
 543              		.loc 1 104 70 view .LVU118
 544 0026 DB88     		ldrh	r3, [r3, #6]
 545 0028 07EE903A 		vmov	s15, r3	@ int
 546              		.loc 1 104 74 view .LVU119
 547 002c F8EEE77A 		vcvt.f32.s32	s15, s15
 548 0030 9FED057A 		vldr.32	s14, .L28+8
 549 0034 67EE877A 		vmul.f32	s15, s15, s14
 550              	.LVL22:
 105:bsp/dwt/bsp_dwt.c **** 
 106:bsp/dwt/bsp_dwt.c ****     return DWT_Timelinef32;
 551              		.loc 1 106 5 is_stmt 1 view .LVU120
 107:bsp/dwt/bsp_dwt.c **** }
 552              		.loc 1 107 1 is_stmt 0 view .LVU121
 553 0038 30EE270A 		vadd.f32	s0, s0, s15
 554              	.LVL23:
 555              		.loc 1 107 1 view .LVU122
 556 003c 08BD     		pop	{r3, pc}
 557              	.L29:
 558 003e 00BF     		.align	2
 559              	.L28:
 560 0040 00000000 		.word	SysTime
 561 0044 6F12833A 		.word	981668463
 562 0048 BD378635 		.word	897988541
 563              		.cfi_endproc
 564              	.LFE248:
 566              		.section	.text.DWT_GetTimeline_ms,"ax",%progbits
 567              		.align	1
 568              		.global	DWT_GetTimeline_ms
 569              		.syntax unified
 570              		.thumb
 571              		.thumb_func
 573              	DWT_GetTimeline_ms:
 574              	.LFB249:
 108:bsp/dwt/bsp_dwt.c **** 
 109:bsp/dwt/bsp_dwt.c **** float DWT_GetTimeline_ms(void)
 110:bsp/dwt/bsp_dwt.c **** {
 575              		.loc 1 110 1 is_stmt 1 view -0
 576              		.cfi_startproc
 577              		@ args = 0, pretend = 0, frame = 0
 578              		@ frame_needed = 0, uses_anonymous_args = 0
 579 0000 08B5     		push	{r3, lr}
 580              	.LCFI17:
 581              		.cfi_def_cfa_offset 8
 582              		.cfi_offset 3, -8
 583              		.cfi_offset 14, -4
 111:bsp/dwt/bsp_dwt.c ****     DWT_SysTimeUpdate();
 584              		.loc 1 111 5 view .LVU124
 585 0002 FFF7FEFF 		bl	DWT_SysTimeUpdate
ARM GAS  C:\Users\29237\AppData\Local\Temp\cc8OSnEp.s 			page 13


 586              	.LVL24:
 112:bsp/dwt/bsp_dwt.c **** 
 113:bsp/dwt/bsp_dwt.c ****     float DWT_Timelinef32 = SysTime.s * 1000 + SysTime.ms + SysTime.us * 0.001f;
 587              		.loc 1 113 5 view .LVU125
 588              		.loc 1 113 36 is_stmt 0 view .LVU126
 589 0006 0B4A     		ldr	r2, .L32
 590 0008 1168     		ldr	r1, [r2]
 591              		.loc 1 113 55 view .LVU127
 592 000a 9388     		ldrh	r3, [r2, #4]
 593              		.loc 1 113 46 view .LVU128
 594 000c 4FF47A70 		mov	r0, #1000
 595 0010 00FB0133 		mla	r3, r0, r1, r3
 596 0014 00EE103A 		vmov	s0, r3	@ int
 597              		.loc 1 113 59 view .LVU129
 598 0018 B8EE400A 		vcvt.f32.u32	s0, s0
 599              		.loc 1 113 68 view .LVU130
 600 001c D388     		ldrh	r3, [r2, #6]
 601 001e 07EE903A 		vmov	s15, r3	@ int
 602              		.loc 1 113 72 view .LVU131
 603 0022 F8EEE77A 		vcvt.f32.s32	s15, s15
 604 0026 9FED047A 		vldr.32	s14, .L32+4
 605 002a 67EE877A 		vmul.f32	s15, s15, s14
 606              	.LVL25:
 114:bsp/dwt/bsp_dwt.c **** 
 115:bsp/dwt/bsp_dwt.c ****     return DWT_Timelinef32;
 607              		.loc 1 115 5 is_stmt 1 view .LVU132
 116:bsp/dwt/bsp_dwt.c **** }
 608              		.loc 1 116 1 is_stmt 0 view .LVU133
 609 002e 30EE270A 		vadd.f32	s0, s0, s15
 610              	.LVL26:
 611              		.loc 1 116 1 view .LVU134
 612 0032 08BD     		pop	{r3, pc}
 613              	.L33:
 614              		.align	2
 615              	.L32:
 616 0034 00000000 		.word	SysTime
 617 0038 6F12833A 		.word	981668463
 618              		.cfi_endproc
 619              	.LFE249:
 621              		.section	.text.DWT_GetTimeline_us,"ax",%progbits
 622              		.align	1
 623              		.global	DWT_GetTimeline_us
 624              		.syntax unified
 625              		.thumb
 626              		.thumb_func
 628              	DWT_GetTimeline_us:
 629              	.LFB250:
 117:bsp/dwt/bsp_dwt.c **** 
 118:bsp/dwt/bsp_dwt.c **** uint64_t DWT_GetTimeline_us(void)
 119:bsp/dwt/bsp_dwt.c **** {
 630              		.loc 1 119 1 is_stmt 1 view -0
 631              		.cfi_startproc
 632              		@ args = 0, pretend = 0, frame = 0
 633              		@ frame_needed = 0, uses_anonymous_args = 0
 634 0000 08B5     		push	{r3, lr}
 635              	.LCFI18:
 636              		.cfi_def_cfa_offset 8
ARM GAS  C:\Users\29237\AppData\Local\Temp\cc8OSnEp.s 			page 14


 637              		.cfi_offset 3, -8
 638              		.cfi_offset 14, -4
 120:bsp/dwt/bsp_dwt.c ****     DWT_SysTimeUpdate();
 639              		.loc 1 120 5 view .LVU136
 640 0002 FFF7FEFF 		bl	DWT_SysTimeUpdate
 641              	.LVL27:
 121:bsp/dwt/bsp_dwt.c **** 
 122:bsp/dwt/bsp_dwt.c ****     uint64_t DWT_Timelinef32 = SysTime.s * 1000000 + SysTime.ms * 1000 + SysTime.us;
 642              		.loc 1 122 5 view .LVU137
 643              		.loc 1 122 39 is_stmt 0 view .LVU138
 644 0006 074A     		ldr	r2, .L36
 645 0008 1168     		ldr	r1, [r2]
 646              		.loc 1 122 61 view .LVU139
 647 000a 9388     		ldrh	r3, [r2, #4]
 648              		.loc 1 122 65 view .LVU140
 649 000c 4FF47A70 		mov	r0, #1000
 650 0010 00FB03F3 		mul	r3, r0, r3
 651              		.loc 1 122 52 view .LVU141
 652 0014 0448     		ldr	r0, .L36+4
 653 0016 00FB0133 		mla	r3, r0, r1, r3
 654              		.loc 1 122 81 view .LVU142
 655 001a D088     		ldrh	r0, [r2, #6]
 656              	.LVL28:
 123:bsp/dwt/bsp_dwt.c **** 
 124:bsp/dwt/bsp_dwt.c ****     return DWT_Timelinef32;
 657              		.loc 1 124 5 is_stmt 1 view .LVU143
 125:bsp/dwt/bsp_dwt.c **** }
 658              		.loc 1 125 1 is_stmt 0 view .LVU144
 659 001c 1844     		add	r0, r0, r3
 660              	.LVL29:
 661              		.loc 1 125 1 view .LVU145
 662 001e 0021     		movs	r1, #0
 663 0020 08BD     		pop	{r3, pc}
 664              	.L37:
 665 0022 00BF     		.align	2
 666              	.L36:
 667 0024 00000000 		.word	SysTime
 668 0028 40420F00 		.word	1000000
 669              		.cfi_endproc
 670              	.LFE250:
 672              		.section	.text.DWT_Delay,"ax",%progbits
 673              		.align	1
 674              		.global	DWT_Delay
 675              		.syntax unified
 676              		.thumb
 677              		.thumb_func
 679              	DWT_Delay:
 680              	.LVL30:
 681              	.LFB251:
 126:bsp/dwt/bsp_dwt.c **** 
 127:bsp/dwt/bsp_dwt.c **** void DWT_Delay(float Delay)
 128:bsp/dwt/bsp_dwt.c **** {
 682              		.loc 1 128 1 is_stmt 1 view -0
 683              		.cfi_startproc
 684              		@ args = 0, pretend = 0, frame = 0
 685              		@ frame_needed = 0, uses_anonymous_args = 0
 686              		@ link register save eliminated.
ARM GAS  C:\Users\29237\AppData\Local\Temp\cc8OSnEp.s 			page 15


 129:bsp/dwt/bsp_dwt.c ****     uint32_t tickstart = DWT->CYCCNT;
 687              		.loc 1 129 5 view .LVU147
 688              		.loc 1 129 14 is_stmt 0 view .LVU148
 689 0000 0A4B     		ldr	r3, .L40
 690 0002 5968     		ldr	r1, [r3, #4]
 691              	.LVL31:
 130:bsp/dwt/bsp_dwt.c ****     float wait = Delay;
 692              		.loc 1 130 5 is_stmt 1 view .LVU149
 131:bsp/dwt/bsp_dwt.c **** 
 132:bsp/dwt/bsp_dwt.c ****     while ((DWT->CYCCNT - tickstart) < wait * (float)CPU_FREQ_Hz)
 693              		.loc 1 132 5 view .LVU150
 694              	.L39:
 695              		.loc 1 132 38 discriminator 1 view .LVU151
 696              		.loc 1 132 16 is_stmt 0 discriminator 1 view .LVU152
 697 0004 094B     		ldr	r3, .L40
 698 0006 5B68     		ldr	r3, [r3, #4]
 699              		.loc 1 132 25 discriminator 1 view .LVU153
 700 0008 5B1A     		subs	r3, r3, r1
 701              		.loc 1 132 47 discriminator 1 view .LVU154
 702 000a 094A     		ldr	r2, .L40+4
 703 000c D2ED007A 		vldr.32	s15, [r2]	@ int
 704 0010 F8EE677A 		vcvt.f32.u32	s15, s15
 705              		.loc 1 132 45 discriminator 1 view .LVU155
 706 0014 67EE807A 		vmul.f32	s15, s15, s0
 707              		.loc 1 132 38 discriminator 1 view .LVU156
 708 0018 07EE103A 		vmov	s14, r3	@ int
 709 001c B8EE477A 		vcvt.f32.u32	s14, s14
 710 0020 B4EEE77A 		vcmpe.f32	s14, s15
 711 0024 F1EE10FA 		vmrs	APSR_nzcv, FPSCR
 712 0028 ECD4     		bmi	.L39
 133:bsp/dwt/bsp_dwt.c ****         ;
 134:bsp/dwt/bsp_dwt.c **** }
 713              		.loc 1 134 1 view .LVU157
 714 002a 7047     		bx	lr
 715              	.L41:
 716              		.align	2
 717              	.L40:
 718 002c 001000E0 		.word	-536866816
 719 0030 00000000 		.word	CPU_FREQ_Hz
 720              		.cfi_endproc
 721              	.LFE251:
 723              		.section	.bss.CNT_TEMP3.0,"aw",%nobits
 724              		.align	3
 727              	CNT_TEMP3.0:
 728 0000 00000000 		.space	8
 728      00000000 
 729              		.section	.bss.CNT_TEMP2.1,"aw",%nobits
 730              		.align	3
 733              	CNT_TEMP2.1:
 734 0000 00000000 		.space	8
 734      00000000 
 735              		.section	.bss.CNT_TEMP1.2,"aw",%nobits
 736              		.align	3
 739              	CNT_TEMP1.2:
 740 0000 00000000 		.space	8
 740      00000000 
 741              		.section	.bss.bit_locker.3,"aw",%nobits
ARM GAS  C:\Users\29237\AppData\Local\Temp\cc8OSnEp.s 			page 16


 744              	bit_locker.3:
 745 0000 00       		.space	1
 746              		.section	.bss.CYCCNT64,"aw",%nobits
 747              		.align	3
 750              	CYCCNT64:
 751 0000 00000000 		.space	8
 751      00000000 
 752              		.section	.bss.CYCCNT_LAST,"aw",%nobits
 753              		.align	2
 756              	CYCCNT_LAST:
 757 0000 00000000 		.space	4
 758              		.section	.bss.CYCCNT_RountCount,"aw",%nobits
 759              		.align	2
 762              	CYCCNT_RountCount:
 763 0000 00000000 		.space	4
 764              		.section	.bss.CPU_FREQ_Hz_us,"aw",%nobits
 765              		.align	2
 768              	CPU_FREQ_Hz_us:
 769 0000 00000000 		.space	4
 770              		.section	.bss.CPU_FREQ_Hz_ms,"aw",%nobits
 771              		.align	2
 774              	CPU_FREQ_Hz_ms:
 775 0000 00000000 		.space	4
 776              		.section	.bss.CPU_FREQ_Hz,"aw",%nobits
 777              		.align	2
 780              	CPU_FREQ_Hz:
 781 0000 00000000 		.space	4
 782              		.section	.bss.SysTime,"aw",%nobits
 783              		.align	2
 786              	SysTime:
 787 0000 00000000 		.space	8
 787      00000000 
 788              		.text
 789              	.Letext0:
 790              		.file 2 "D:/arm-gnu-toolchain-14.2.rel1-mingw-w64-x86_64-arm-none-eabi/arm-none-eabi/include/machi
 791              		.file 3 "D:/arm-gnu-toolchain-14.2.rel1-mingw-w64-x86_64-arm-none-eabi/arm-none-eabi/include/sys/_
 792              		.file 4 "Drivers/CMSIS/Include/core_cm4.h"
 793              		.file 5 "bsp/dwt/bsp_dwt.h"
ARM GAS  C:\Users\29237\AppData\Local\Temp\cc8OSnEp.s 			page 17


DEFINED SYMBOLS
                            *ABS*:00000000 bsp_dwt.c
C:\Users\29237\AppData\Local\Temp\cc8OSnEp.s:21     .text.DWT_CNT_Update:00000000 $t
C:\Users\29237\AppData\Local\Temp\cc8OSnEp.s:26     .text.DWT_CNT_Update:00000000 DWT_CNT_Update
C:\Users\29237\AppData\Local\Temp\cc8OSnEp.s:95     .text.DWT_CNT_Update:0000003c $d
C:\Users\29237\AppData\Local\Temp\cc8OSnEp.s:744    .bss.bit_locker.3:00000000 bit_locker.3
C:\Users\29237\AppData\Local\Temp\cc8OSnEp.s:756    .bss.CYCCNT_LAST:00000000 CYCCNT_LAST
C:\Users\29237\AppData\Local\Temp\cc8OSnEp.s:762    .bss.CYCCNT_RountCount:00000000 CYCCNT_RountCount
C:\Users\29237\AppData\Local\Temp\cc8OSnEp.s:103    .text.DWT_Init:00000000 $t
C:\Users\29237\AppData\Local\Temp\cc8OSnEp.s:109    .text.DWT_Init:00000000 DWT_Init
C:\Users\29237\AppData\Local\Temp\cc8OSnEp.s:176    .text.DWT_Init:0000004c $d
C:\Users\29237\AppData\Local\Temp\cc8OSnEp.s:780    .bss.CPU_FREQ_Hz:00000000 CPU_FREQ_Hz
C:\Users\29237\AppData\Local\Temp\cc8OSnEp.s:774    .bss.CPU_FREQ_Hz_ms:00000000 CPU_FREQ_Hz_ms
C:\Users\29237\AppData\Local\Temp\cc8OSnEp.s:768    .bss.CPU_FREQ_Hz_us:00000000 CPU_FREQ_Hz_us
C:\Users\29237\AppData\Local\Temp\cc8OSnEp.s:189    .text.DWT_GetDeltaT:00000000 $t
C:\Users\29237\AppData\Local\Temp\cc8OSnEp.s:195    .text.DWT_GetDeltaT:00000000 DWT_GetDeltaT
C:\Users\29237\AppData\Local\Temp\cc8OSnEp.s:263    .text.DWT_GetDeltaT:00000040 $d
C:\Users\29237\AppData\Local\Temp\cc8OSnEp.s:269    .text.DWT_GetDeltaT64:00000000 $t
C:\Users\29237\AppData\Local\Temp\cc8OSnEp.s:275    .text.DWT_GetDeltaT64:00000000 DWT_GetDeltaT64
C:\Users\29237\AppData\Local\Temp\cc8OSnEp.s:359    .text.DWT_GetDeltaT64:00000050 $d
C:\Users\29237\AppData\Local\Temp\cc8OSnEp.s:365    .text.DWT_SysTimeUpdate:00000000 $t
C:\Users\29237\AppData\Local\Temp\cc8OSnEp.s:371    .text.DWT_SysTimeUpdate:00000000 DWT_SysTimeUpdate
C:\Users\29237\AppData\Local\Temp\cc8OSnEp.s:495    .text.DWT_SysTimeUpdate:000000ac $d
C:\Users\29237\AppData\Local\Temp\cc8OSnEp.s:750    .bss.CYCCNT64:00000000 CYCCNT64
C:\Users\29237\AppData\Local\Temp\cc8OSnEp.s:739    .bss.CNT_TEMP1.2:00000000 CNT_TEMP1.2
C:\Users\29237\AppData\Local\Temp\cc8OSnEp.s:733    .bss.CNT_TEMP2.1:00000000 CNT_TEMP2.1
C:\Users\29237\AppData\Local\Temp\cc8OSnEp.s:727    .bss.CNT_TEMP3.0:00000000 CNT_TEMP3.0
C:\Users\29237\AppData\Local\Temp\cc8OSnEp.s:786    .bss.SysTime:00000000 SysTime
C:\Users\29237\AppData\Local\Temp\cc8OSnEp.s:509    .text.DWT_GetTimeline_s:00000000 $t
C:\Users\29237\AppData\Local\Temp\cc8OSnEp.s:515    .text.DWT_GetTimeline_s:00000000 DWT_GetTimeline_s
C:\Users\29237\AppData\Local\Temp\cc8OSnEp.s:560    .text.DWT_GetTimeline_s:00000040 $d
C:\Users\29237\AppData\Local\Temp\cc8OSnEp.s:567    .text.DWT_GetTimeline_ms:00000000 $t
C:\Users\29237\AppData\Local\Temp\cc8OSnEp.s:573    .text.DWT_GetTimeline_ms:00000000 DWT_GetTimeline_ms
C:\Users\29237\AppData\Local\Temp\cc8OSnEp.s:616    .text.DWT_GetTimeline_ms:00000034 $d
C:\Users\29237\AppData\Local\Temp\cc8OSnEp.s:622    .text.DWT_GetTimeline_us:00000000 $t
C:\Users\29237\AppData\Local\Temp\cc8OSnEp.s:628    .text.DWT_GetTimeline_us:00000000 DWT_GetTimeline_us
C:\Users\29237\AppData\Local\Temp\cc8OSnEp.s:667    .text.DWT_GetTimeline_us:00000024 $d
C:\Users\29237\AppData\Local\Temp\cc8OSnEp.s:673    .text.DWT_Delay:00000000 $t
C:\Users\29237\AppData\Local\Temp\cc8OSnEp.s:679    .text.DWT_Delay:00000000 DWT_Delay
C:\Users\29237\AppData\Local\Temp\cc8OSnEp.s:718    .text.DWT_Delay:0000002c $d
C:\Users\29237\AppData\Local\Temp\cc8OSnEp.s:724    .bss.CNT_TEMP3.0:00000000 $d
C:\Users\29237\AppData\Local\Temp\cc8OSnEp.s:730    .bss.CNT_TEMP2.1:00000000 $d
C:\Users\29237\AppData\Local\Temp\cc8OSnEp.s:736    .bss.CNT_TEMP1.2:00000000 $d
C:\Users\29237\AppData\Local\Temp\cc8OSnEp.s:745    .bss.bit_locker.3:00000000 $d
C:\Users\29237\AppData\Local\Temp\cc8OSnEp.s:747    .bss.CYCCNT64:00000000 $d
C:\Users\29237\AppData\Local\Temp\cc8OSnEp.s:753    .bss.CYCCNT_LAST:00000000 $d
C:\Users\29237\AppData\Local\Temp\cc8OSnEp.s:759    .bss.CYCCNT_RountCount:00000000 $d
C:\Users\29237\AppData\Local\Temp\cc8OSnEp.s:765    .bss.CPU_FREQ_Hz_us:00000000 $d
C:\Users\29237\AppData\Local\Temp\cc8OSnEp.s:771    .bss.CPU_FREQ_Hz_ms:00000000 $d
C:\Users\29237\AppData\Local\Temp\cc8OSnEp.s:777    .bss.CPU_FREQ_Hz:00000000 $d
C:\Users\29237\AppData\Local\Temp\cc8OSnEp.s:783    .bss.SysTime:00000000 $d

UNDEFINED SYMBOLS
__aeabi_ui2d
__aeabi_ddiv
__aeabi_uldivmod
