ARM GAS  C:\Users\29237\AppData\Local\Temp\ccxNN1Ym.s 			page 1


   1              		.cpu cortex-m4
   2              		.arch armv7e-m
   3              		.fpu fpv4-sp-d16
   4              		.eabi_attribute 27, 1
   5              		.eabi_attribute 28, 1
   6              		.eabi_attribute 20, 1
   7              		.eabi_attribute 21, 1
   8              		.eabi_attribute 23, 3
   9              		.eabi_attribute 24, 1
  10              		.eabi_attribute 25, 1
  11              		.eabi_attribute 26, 1
  12              		.eabi_attribute 30, 1
  13              		.eabi_attribute 34, 1
  14              		.eabi_attribute 18, 4
  15              		.file	"HC05.c"
  16              		.text
  17              	.Ltext0:
  18              		.cfi_sections	.debug_frame
  19              		.file 1 "modules/bluetooth/HC05.c"
  20              		.section	.text.HC05RxCallback,"ax",%progbits
  21              		.align	1
  22              		.syntax unified
  23              		.thumb
  24              		.thumb_func
  26              	HC05RxCallback:
  27              	.LFB235:
   1:modules/bluetooth/HC05.c **** #include "HC05.h"
   2:modules/bluetooth/HC05.c **** #include "bsp_usart.h"
   3:modules/bluetooth/HC05.c **** 
   4:modules/bluetooth/HC05.c **** #define HC05_BUFFERSIZE  HC05_DATASIZE+2  // HC05发送和接收数据buffer大小，不得大于25
   5:modules/bluetooth/HC05.c **** 
   6:modules/bluetooth/HC05.c **** #define FRAME_HEAD  0XAA    // 帧头
   7:modules/bluetooth/HC05.c **** #define FRAME_END   0X55    // 帧尾
   8:modules/bluetooth/HC05.c **** 
   9:modules/bluetooth/HC05.c **** static HC05 hc05_msg;   // HC05通信数据
  10:modules/bluetooth/HC05.c **** static USARTInstance *hc05_usart_instance;    // HC05串口通信实例
  11:modules/bluetooth/HC05.c **** 
  12:modules/bluetooth/HC05.c **** static uint8_t hc05_init_flag = 0;  // HC05初始化标志位
  13:modules/bluetooth/HC05.c **** 
  14:modules/bluetooth/HC05.c **** // *hc05_usart_instance串口回调函数
  15:modules/bluetooth/HC05.c **** static void HC05RxCallback()
  16:modules/bluetooth/HC05.c **** {
  28              		.loc 1 16 1 view -0
  29              		.cfi_startproc
  30              		@ args = 0, pretend = 0, frame = 0
  31              		@ frame_needed = 0, uses_anonymous_args = 0
  32              		@ link register save eliminated.
  17:modules/bluetooth/HC05.c ****     uint8_t *rxbuff;
  33              		.loc 1 17 5 view .LVU1
  18:modules/bluetooth/HC05.c ****     rxbuff = hc05_usart_instance->recv_buff;
  34              		.loc 1 18 5 view .LVU2
  35              		.loc 1 18 33 is_stmt 0 view .LVU3
  36 0000 0A4B     		ldr	r3, .L7
  37 0002 1B68     		ldr	r3, [r3]
  38              	.LVL0:
  19:modules/bluetooth/HC05.c **** 
  20:modules/bluetooth/HC05.c ****     // 帧头帧尾判断
ARM GAS  C:\Users\29237\AppData\Local\Temp\ccxNN1Ym.s 			page 2


  21:modules/bluetooth/HC05.c ****     if(rxbuff[0] == FRAME_HEAD && rxbuff[HC05_BUFFERSIZE - 1] == FRAME_END)
  39              		.loc 1 21 5 is_stmt 1 view .LVU4
  40              		.loc 1 21 14 is_stmt 0 view .LVU5
  41 0004 1A78     		ldrb	r2, [r3]	@ zero_extendqisi2
  42              		.loc 1 21 7 view .LVU6
  43 0006 AA2A     		cmp	r2, #170
  44 0008 00D0     		beq	.L6
  45              	.L1:
  22:modules/bluetooth/HC05.c ****     {
  23:modules/bluetooth/HC05.c ****         for(int i = 0; i < HC05_DATASIZE; i++)
  24:modules/bluetooth/HC05.c ****             hc05_msg.recv_data[i] = (uint8_t)rxbuff[i+1];
  25:modules/bluetooth/HC05.c ****     }
  26:modules/bluetooth/HC05.c ****     
  27:modules/bluetooth/HC05.c ****     return;
  28:modules/bluetooth/HC05.c **** }
  46              		.loc 1 28 1 view .LVU7
  47 000a 7047     		bx	lr
  48              	.L6:
  21:modules/bluetooth/HC05.c ****     {
  49              		.loc 1 21 41 discriminator 1 view .LVU8
  50 000c 5A79     		ldrb	r2, [r3, #5]	@ zero_extendqisi2
  21:modules/bluetooth/HC05.c ****     {
  51              		.loc 1 21 32 discriminator 1 view .LVU9
  52 000e 552A     		cmp	r2, #85
  53 0010 FBD1     		bne	.L1
  54              	.LBB2:
  23:modules/bluetooth/HC05.c ****             hc05_msg.recv_data[i] = (uint8_t)rxbuff[i+1];
  55              		.loc 1 23 17 view .LVU10
  56 0012 0022     		movs	r2, #0
  57 0014 07E0     		b	.L3
  58              	.LVL1:
  59              	.L4:
  24:modules/bluetooth/HC05.c ****     }
  60              		.loc 1 24 13 is_stmt 1 view .LVU11
  24:modules/bluetooth/HC05.c ****     }
  61              		.loc 1 24 52 is_stmt 0 view .LVU12
  62 0016 501C     		adds	r0, r2, #1
  24:modules/bluetooth/HC05.c ****     }
  63              		.loc 1 24 37 view .LVU13
  64 0018 13F800C0 		ldrb	ip, [r3, r0]	@ zero_extendqisi2
  24:modules/bluetooth/HC05.c ****     }
  65              		.loc 1 24 35 view .LVU14
  66 001c 0449     		ldr	r1, .L7+4
  67 001e 0A44     		add	r2, r2, r1
  68              	.LVL2:
  24:modules/bluetooth/HC05.c ****     }
  69              		.loc 1 24 35 view .LVU15
  70 0020 82F806C0 		strb	ip, [r2, #6]
  23:modules/bluetooth/HC05.c ****             hc05_msg.recv_data[i] = (uint8_t)rxbuff[i+1];
  71              		.loc 1 23 44 is_stmt 1 discriminator 3 view .LVU16
  72 0024 0246     		mov	r2, r0
  73              	.LVL3:
  74              	.L3:
  23:modules/bluetooth/HC05.c ****             hc05_msg.recv_data[i] = (uint8_t)rxbuff[i+1];
  75              		.loc 1 23 26 discriminator 1 view .LVU17
  76 0026 032A     		cmp	r2, #3
  77 0028 F5DD     		ble	.L4
ARM GAS  C:\Users\29237\AppData\Local\Temp\ccxNN1Ym.s 			page 3


  78 002a EEE7     		b	.L1
  79              	.L8:
  80              		.align	2
  81              	.L7:
  82 002c 00000000 		.word	hc05_usart_instance
  83 0030 00000000 		.word	hc05_msg
  84              	.LBE2:
  85              		.cfi_endproc
  86              	.LFE235:
  88              		.section	.text.HC05Init,"ax",%progbits
  89              		.align	1
  90              		.global	HC05Init
  91              		.syntax unified
  92              		.thumb
  93              		.thumb_func
  95              	HC05Init:
  96              	.LVL4:
  97              	.LFB236:
  29:modules/bluetooth/HC05.c **** 
  30:modules/bluetooth/HC05.c **** // HC05串口接收初始化
  31:modules/bluetooth/HC05.c **** HC05 *HC05Init(UART_HandleTypeDef *hc05_usart_handle)
  32:modules/bluetooth/HC05.c **** {
  98              		.loc 1 32 1 view -0
  99              		.cfi_startproc
 100              		@ args = 0, pretend = 0, frame = 16
 101              		@ frame_needed = 0, uses_anonymous_args = 0
 102              		.loc 1 32 1 is_stmt 0 view .LVU19
 103 0000 00B5     		push	{lr}
 104              	.LCFI0:
 105              		.cfi_def_cfa_offset 4
 106              		.cfi_offset 14, -4
 107 0002 85B0     		sub	sp, sp, #20
 108              	.LCFI1:
 109              		.cfi_def_cfa_offset 24
  33:modules/bluetooth/HC05.c ****     USART_Init_Config_s conf;
 110              		.loc 1 33 5 is_stmt 1 view .LVU20
  34:modules/bluetooth/HC05.c ****     conf.module_callback = HC05RxCallback;
 111              		.loc 1 34 5 view .LVU21
 112              		.loc 1 34 26 is_stmt 0 view .LVU22
 113 0004 084B     		ldr	r3, .L11
 114 0006 0393     		str	r3, [sp, #12]
  35:modules/bluetooth/HC05.c ****     conf.usart_handle = hc05_usart_handle;
 115              		.loc 1 35 5 is_stmt 1 view .LVU23
 116              		.loc 1 35 23 is_stmt 0 view .LVU24
 117 0008 0290     		str	r0, [sp, #8]
  36:modules/bluetooth/HC05.c ****     conf.recv_buff_size = HC05_BUFFERSIZE;
 118              		.loc 1 36 5 is_stmt 1 view .LVU25
 119              		.loc 1 36 25 is_stmt 0 view .LVU26
 120 000a 0623     		movs	r3, #6
 121 000c 8DF80430 		strb	r3, [sp, #4]
  37:modules/bluetooth/HC05.c ****     hc05_usart_instance = USARTRegister(&conf);
 122              		.loc 1 37 5 is_stmt 1 view .LVU27
 123              		.loc 1 37 27 is_stmt 0 view .LVU28
 124 0010 01A8     		add	r0, sp, #4
 125              	.LVL5:
 126              		.loc 1 37 27 view .LVU29
 127 0012 FFF7FEFF 		bl	USARTRegister
ARM GAS  C:\Users\29237\AppData\Local\Temp\ccxNN1Ym.s 			page 4


 128              	.LVL6:
 129              		.loc 1 37 25 discriminator 1 view .LVU30
 130 0016 054B     		ldr	r3, .L11+4
 131 0018 1860     		str	r0, [r3]
  38:modules/bluetooth/HC05.c **** 
  39:modules/bluetooth/HC05.c ****     hc05_init_flag = 1;
 132              		.loc 1 39 5 is_stmt 1 view .LVU31
 133              		.loc 1 39 20 is_stmt 0 view .LVU32
 134 001a 054B     		ldr	r3, .L11+8
 135 001c 0122     		movs	r2, #1
 136 001e 1A70     		strb	r2, [r3]
  40:modules/bluetooth/HC05.c ****     return (HC05*)&hc05_msg;
 137              		.loc 1 40 5 is_stmt 1 view .LVU33
  41:modules/bluetooth/HC05.c **** }
 138              		.loc 1 41 1 is_stmt 0 view .LVU34
 139 0020 0448     		ldr	r0, .L11+12
 140 0022 05B0     		add	sp, sp, #20
 141              	.LCFI2:
 142              		.cfi_def_cfa_offset 4
 143              		@ sp needed
 144 0024 5DF804FB 		ldr	pc, [sp], #4
 145              	.L12:
 146              		.align	2
 147              	.L11:
 148 0028 00000000 		.word	HC05RxCallback
 149 002c 00000000 		.word	hc05_usart_instance
 150 0030 00000000 		.word	hc05_init_flag
 151 0034 00000000 		.word	hc05_msg
 152              		.cfi_endproc
 153              	.LFE236:
 155              		.section	.text.HC05_SendData,"ax",%progbits
 156              		.align	1
 157              		.global	HC05_SendData
 158              		.syntax unified
 159              		.thumb
 160              		.thumb_func
 162              	HC05_SendData:
 163              	.LVL7:
 164              	.LFB237:
  42:modules/bluetooth/HC05.c **** 
  43:modules/bluetooth/HC05.c **** // HC05串口发送函数，一次最多发送HC05_DATASIZE个数据
  44:modules/bluetooth/HC05.c **** void HC05_SendData(uint8_t *data, uint8_t data_num)
  45:modules/bluetooth/HC05.c **** {
 165              		.loc 1 45 1 is_stmt 1 view -0
 166              		.cfi_startproc
 167              		@ args = 0, pretend = 0, frame = 0
 168              		@ frame_needed = 0, uses_anonymous_args = 0
 169              		.loc 1 45 1 is_stmt 0 view .LVU36
 170 0000 10B5     		push	{r4, lr}
 171              	.LCFI3:
 172              		.cfi_def_cfa_offset 8
 173              		.cfi_offset 4, -8
 174              		.cfi_offset 14, -4
 175 0002 0A46     		mov	r2, r1
  46:modules/bluetooth/HC05.c **** 
  47:modules/bluetooth/HC05.c ****     // 发送数据中加入帧头和帧尾
  48:modules/bluetooth/HC05.c ****     hc05_msg.send_data[0] = FRAME_HEAD;
ARM GAS  C:\Users\29237\AppData\Local\Temp\ccxNN1Ym.s 			page 5


 176              		.loc 1 48 5 is_stmt 1 view .LVU37
 177              		.loc 1 48 27 is_stmt 0 view .LVU38
 178 0004 0B4B     		ldr	r3, .L17
 179 0006 AA21     		movs	r1, #170
 180              	.LVL8:
 181              		.loc 1 48 27 view .LVU39
 182 0008 1970     		strb	r1, [r3]
  49:modules/bluetooth/HC05.c **** 
  50:modules/bluetooth/HC05.c ****     for (int i = 0; i < data_num; i++)
 183              		.loc 1 50 5 is_stmt 1 view .LVU40
 184              	.LBB3:
 185              		.loc 1 50 10 view .LVU41
 186              	.LVL9:
 187              		.loc 1 50 14 is_stmt 0 view .LVU42
 188 000a 0023     		movs	r3, #0
 189              		.loc 1 50 5 view .LVU43
 190 000c 06E0     		b	.L14
 191              	.LVL10:
 192              	.L15:
  51:modules/bluetooth/HC05.c ****         hc05_msg.send_data[i+1] = data[i];
 193              		.loc 1 51 9 is_stmt 1 view .LVU44
 194              		.loc 1 51 39 is_stmt 0 view .LVU45
 195 000e C418     		adds	r4, r0, r3
 196              		.loc 1 51 29 view .LVU46
 197 0010 0133     		adds	r3, r3, #1
 198              	.LVL11:
 199              		.loc 1 51 39 view .LVU47
 200 0012 94F800C0 		ldrb	ip, [r4]	@ zero_extendqisi2
 201              		.loc 1 51 33 view .LVU48
 202 0016 074C     		ldr	r4, .L17
 203 0018 04F803C0 		strb	ip, [r4, r3]
  50:modules/bluetooth/HC05.c ****         hc05_msg.send_data[i+1] = data[i];
 204              		.loc 1 50 36 is_stmt 1 discriminator 3 view .LVU49
 205              	.LVL12:
 206              	.L14:
  50:modules/bluetooth/HC05.c ****         hc05_msg.send_data[i+1] = data[i];
 207              		.loc 1 50 23 discriminator 1 view .LVU50
 208 001c 9A42     		cmp	r2, r3
 209 001e F6DC     		bgt	.L15
 210              	.LBE3:
  52:modules/bluetooth/HC05.c ****     
  53:modules/bluetooth/HC05.c ****     hc05_msg.send_data[HC05_BUFFERSIZE - 1] = FRAME_END;
 211              		.loc 1 53 5 view .LVU51
 212              		.loc 1 53 45 is_stmt 0 view .LVU52
 213 0020 0449     		ldr	r1, .L17
 214 0022 5523     		movs	r3, #85
 215              	.LVL13:
 216              		.loc 1 53 45 view .LVU53
 217 0024 4B71     		strb	r3, [r1, #5]
  54:modules/bluetooth/HC05.c **** 
  55:modules/bluetooth/HC05.c ****     // 发送数据
  56:modules/bluetooth/HC05.c ****     USARTSend(hc05_usart_instance, hc05_msg.send_data, data_num+2, USART_TRANSFER_IT); 
 218              		.loc 1 56 5 is_stmt 1 view .LVU54
 219 0026 0223     		movs	r3, #2
 220 0028 1A44     		add	r2, r2, r3
 221              	.LVL14:
 222              		.loc 1 56 5 is_stmt 0 view .LVU55
ARM GAS  C:\Users\29237\AppData\Local\Temp\ccxNN1Ym.s 			page 6


 223 002a 0348     		ldr	r0, .L17+4
 224              	.LVL15:
 225              		.loc 1 56 5 view .LVU56
 226 002c 0068     		ldr	r0, [r0]
 227 002e FFF7FEFF 		bl	USARTSend
 228              	.LVL16:
  57:modules/bluetooth/HC05.c **** 
  58:modules/bluetooth/HC05.c **** }...
 229              		.loc 1 58 1 view .LVU57
 230 0032 10BD     		pop	{r4, pc}
 231              	.L18:
 232              		.align	2
 233              	.L17:
 234 0034 00000000 		.word	hc05_msg
 235 0038 00000000 		.word	hc05_usart_instance
 236              		.cfi_endproc
 237              	.LFE237:
 239              		.section	.bss.hc05_init_flag,"aw",%nobits
 242              	hc05_init_flag:
 243 0000 00       		.space	1
 244              		.section	.bss.hc05_usart_instance,"aw",%nobits
 245              		.align	2
 248              	hc05_usart_instance:
 249 0000 00000000 		.space	4
 250              		.section	.bss.hc05_msg,"aw",%nobits
 251              		.align	2
 254              	hc05_msg:
 255 0000 00000000 		.space	10
 255      00000000 
 255      0000
 256              		.text
 257              	.Letext0:
 258              		.file 2 "D:/arm-gnu-toolchain-14.2.rel1-mingw-w64-x86_64-arm-none-eabi/arm-none-eabi/include/machi
 259              		.file 3 "D:/arm-gnu-toolchain-14.2.rel1-mingw-w64-x86_64-arm-none-eabi/arm-none-eabi/include/sys/_
 260              		.file 4 "Drivers/CMSIS/Device/ST/STM32F4xx/Include/stm32f407xx.h"
 261              		.file 5 "Drivers/STM32F4xx_HAL_Driver/Inc/stm32f4xx_hal_def.h"
 262              		.file 6 "Drivers/STM32F4xx_HAL_Driver/Inc/stm32f4xx_hal_dma.h"
 263              		.file 7 "Drivers/STM32F4xx_HAL_Driver/Inc/stm32f4xx_hal_uart.h"
 264              		.file 8 "modules/bluetooth/HC05.h"
 265              		.file 9 "bsp/usart/bsp_usart.h"
ARM GAS  C:\Users\29237\AppData\Local\Temp\ccxNN1Ym.s 			page 7


DEFINED SYMBOLS
                            *ABS*:00000000 HC05.c
C:\Users\29237\AppData\Local\Temp\ccxNN1Ym.s:21     .text.HC05RxCallback:00000000 $t
C:\Users\29237\AppData\Local\Temp\ccxNN1Ym.s:26     .text.HC05RxCallback:00000000 HC05RxCallback
C:\Users\29237\AppData\Local\Temp\ccxNN1Ym.s:82     .text.HC05RxCallback:0000002c $d
C:\Users\29237\AppData\Local\Temp\ccxNN1Ym.s:248    .bss.hc05_usart_instance:00000000 hc05_usart_instance
C:\Users\29237\AppData\Local\Temp\ccxNN1Ym.s:254    .bss.hc05_msg:00000000 hc05_msg
C:\Users\29237\AppData\Local\Temp\ccxNN1Ym.s:89     .text.HC05Init:00000000 $t
C:\Users\29237\AppData\Local\Temp\ccxNN1Ym.s:95     .text.HC05Init:00000000 HC05Init
C:\Users\29237\AppData\Local\Temp\ccxNN1Ym.s:148    .text.HC05Init:00000028 $d
C:\Users\29237\AppData\Local\Temp\ccxNN1Ym.s:242    .bss.hc05_init_flag:00000000 hc05_init_flag
C:\Users\29237\AppData\Local\Temp\ccxNN1Ym.s:156    .text.HC05_SendData:00000000 $t
C:\Users\29237\AppData\Local\Temp\ccxNN1Ym.s:162    .text.HC05_SendData:00000000 HC05_SendData
C:\Users\29237\AppData\Local\Temp\ccxNN1Ym.s:234    .text.HC05_SendData:00000034 $d
C:\Users\29237\AppData\Local\Temp\ccxNN1Ym.s:243    .bss.hc05_init_flag:00000000 $d
C:\Users\29237\AppData\Local\Temp\ccxNN1Ym.s:245    .bss.hc05_usart_instance:00000000 $d
C:\Users\29237\AppData\Local\Temp\ccxNN1Ym.s:251    .bss.hc05_msg:00000000 $d

UNDEFINED SYMBOLS
USARTRegister
USARTSend
