ARM GAS  C:\Users\29237\AppData\Local\Temp\ccfQhia9.s 			page 1


   1              		.cpu cortex-m4
   2              		.arch armv7e-m
   3              		.fpu fpv4-sp-d16
   4              		.eabi_attribute 27, 1
   5              		.eabi_attribute 28, 1
   6              		.eabi_attribute 20, 1
   7              		.eabi_attribute 21, 1
   8              		.eabi_attribute 23, 3
   9              		.eabi_attribute 24, 1
  10              		.eabi_attribute 25, 1
  11              		.eabi_attribute 26, 1
  12              		.eabi_attribute 30, 1
  13              		.eabi_attribute 34, 1
  14              		.eabi_attribute 18, 4
  15              		.file	"i2c.c"
  16              		.text
  17              	.Ltext0:
  18              		.cfi_sections	.debug_frame
  19              		.file 1 "Src/i2c.c"
  20              		.section	.text.MX_I2C2_Init,"ax",%progbits
  21              		.align	1
  22              		.global	MX_I2C2_Init
  23              		.syntax unified
  24              		.thumb
  25              		.thumb_func
  27              	MX_I2C2_Init:
  28              	.LFB235:
   1:Src/i2c.c     **** /* USER CODE BEGIN Header */
   2:Src/i2c.c     **** /**
   3:Src/i2c.c     ****   ******************************************************************************
   4:Src/i2c.c     ****   * @file    i2c.c
   5:Src/i2c.c     ****   * @brief   This file provides code for the configuration
   6:Src/i2c.c     ****   *          of the I2C instances.
   7:Src/i2c.c     ****   ******************************************************************************
   8:Src/i2c.c     ****   * @attention
   9:Src/i2c.c     ****   *
  10:Src/i2c.c     ****   * Copyright (c) 2023 STMicroelectronics.
  11:Src/i2c.c     ****   * All rights reserved.
  12:Src/i2c.c     ****   *
  13:Src/i2c.c     ****   * This software is licensed under terms that can be found in the LICENSE file
  14:Src/i2c.c     ****   * in the root directory of this software component.
  15:Src/i2c.c     ****   * If no LICENSE file comes with this software, it is provided AS-IS.
  16:Src/i2c.c     ****   *
  17:Src/i2c.c     ****   ******************************************************************************
  18:Src/i2c.c     ****   */
  19:Src/i2c.c     **** /* USER CODE END Header */
  20:Src/i2c.c     **** /* Includes ------------------------------------------------------------------*/
  21:Src/i2c.c     **** #include "i2c.h"
  22:Src/i2c.c     **** 
  23:Src/i2c.c     **** /* USER CODE BEGIN 0 */
  24:Src/i2c.c     **** 
  25:Src/i2c.c     **** /* USER CODE END 0 */
  26:Src/i2c.c     **** 
  27:Src/i2c.c     **** I2C_HandleTypeDef hi2c2;
  28:Src/i2c.c     **** I2C_HandleTypeDef hi2c3;
  29:Src/i2c.c     **** DMA_HandleTypeDef hdma_i2c2_rx;
  30:Src/i2c.c     **** DMA_HandleTypeDef hdma_i2c2_tx;
ARM GAS  C:\Users\29237\AppData\Local\Temp\ccfQhia9.s 			page 2


  31:Src/i2c.c     **** 
  32:Src/i2c.c     **** /* I2C2 init function */
  33:Src/i2c.c     **** void MX_I2C2_Init(void)
  34:Src/i2c.c     **** {
  29              		.loc 1 34 1 view -0
  30              		.cfi_startproc
  31              		@ args = 0, pretend = 0, frame = 0
  32              		@ frame_needed = 0, uses_anonymous_args = 0
  33 0000 08B5     		push	{r3, lr}
  34              	.LCFI0:
  35              		.cfi_def_cfa_offset 8
  36              		.cfi_offset 3, -8
  37              		.cfi_offset 14, -4
  35:Src/i2c.c     **** 
  36:Src/i2c.c     ****   /* USER CODE BEGIN I2C2_Init 0 */
  37:Src/i2c.c     **** 
  38:Src/i2c.c     ****   /* USER CODE END I2C2_Init 0 */
  39:Src/i2c.c     **** 
  40:Src/i2c.c     ****   /* USER CODE BEGIN I2C2_Init 1 */
  41:Src/i2c.c     **** 
  42:Src/i2c.c     ****   /* USER CODE END I2C2_Init 1 */
  43:Src/i2c.c     ****   hi2c2.Instance = I2C2;
  38              		.loc 1 43 3 view .LVU1
  39              		.loc 1 43 18 is_stmt 0 view .LVU2
  40 0002 0B48     		ldr	r0, .L5
  41 0004 0B4B     		ldr	r3, .L5+4
  42 0006 0360     		str	r3, [r0]
  44:Src/i2c.c     ****   hi2c2.Init.ClockSpeed = 400000;
  43              		.loc 1 44 3 is_stmt 1 view .LVU3
  44              		.loc 1 44 25 is_stmt 0 view .LVU4
  45 0008 0B4B     		ldr	r3, .L5+8
  46 000a 4360     		str	r3, [r0, #4]
  45:Src/i2c.c     ****   hi2c2.Init.DutyCycle = I2C_DUTYCYCLE_2;
  47              		.loc 1 45 3 is_stmt 1 view .LVU5
  48              		.loc 1 45 24 is_stmt 0 view .LVU6
  49 000c 0023     		movs	r3, #0
  50 000e 8360     		str	r3, [r0, #8]
  46:Src/i2c.c     ****   hi2c2.Init.OwnAddress1 = 0;
  51              		.loc 1 46 3 is_stmt 1 view .LVU7
  52              		.loc 1 46 26 is_stmt 0 view .LVU8
  53 0010 C360     		str	r3, [r0, #12]
  47:Src/i2c.c     ****   hi2c2.Init.AddressingMode = I2C_ADDRESSINGMODE_7BIT;
  54              		.loc 1 47 3 is_stmt 1 view .LVU9
  55              		.loc 1 47 29 is_stmt 0 view .LVU10
  56 0012 4FF48042 		mov	r2, #16384
  57 0016 0261     		str	r2, [r0, #16]
  48:Src/i2c.c     ****   hi2c2.Init.DualAddressMode = I2C_DUALADDRESS_DISABLE;
  58              		.loc 1 48 3 is_stmt 1 view .LVU11
  59              		.loc 1 48 30 is_stmt 0 view .LVU12
  60 0018 4361     		str	r3, [r0, #20]
  49:Src/i2c.c     ****   hi2c2.Init.OwnAddress2 = 0;
  61              		.loc 1 49 3 is_stmt 1 view .LVU13
  62              		.loc 1 49 26 is_stmt 0 view .LVU14
  63 001a 8361     		str	r3, [r0, #24]
  50:Src/i2c.c     ****   hi2c2.Init.GeneralCallMode = I2C_GENERALCALL_DISABLE;
  64              		.loc 1 50 3 is_stmt 1 view .LVU15
  65              		.loc 1 50 30 is_stmt 0 view .LVU16
ARM GAS  C:\Users\29237\AppData\Local\Temp\ccfQhia9.s 			page 3


  66 001c C361     		str	r3, [r0, #28]
  51:Src/i2c.c     ****   hi2c2.Init.NoStretchMode = I2C_NOSTRETCH_DISABLE;
  67              		.loc 1 51 3 is_stmt 1 view .LVU17
  68              		.loc 1 51 28 is_stmt 0 view .LVU18
  69 001e 0362     		str	r3, [r0, #32]
  52:Src/i2c.c     ****   if (HAL_I2C_Init(&hi2c2) != HAL_OK)
  70              		.loc 1 52 3 is_stmt 1 view .LVU19
  71              		.loc 1 52 7 is_stmt 0 view .LVU20
  72 0020 FFF7FEFF 		bl	HAL_I2C_Init
  73              	.LVL0:
  74              		.loc 1 52 6 discriminator 1 view .LVU21
  75 0024 00B9     		cbnz	r0, .L4
  76              	.L1:
  53:Src/i2c.c     ****   {
  54:Src/i2c.c     ****     Error_Handler();
  55:Src/i2c.c     ****   }
  56:Src/i2c.c     ****   /* USER CODE BEGIN I2C2_Init 2 */
  57:Src/i2c.c     **** 
  58:Src/i2c.c     ****   /* USER CODE END I2C2_Init 2 */
  59:Src/i2c.c     **** 
  60:Src/i2c.c     **** }
  77              		.loc 1 60 1 view .LVU22
  78 0026 08BD     		pop	{r3, pc}
  79              	.L4:
  54:Src/i2c.c     ****   }
  80              		.loc 1 54 5 is_stmt 1 view .LVU23
  81 0028 FFF7FEFF 		bl	Error_Handler
  82              	.LVL1:
  83              		.loc 1 60 1 is_stmt 0 view .LVU24
  84 002c FBE7     		b	.L1
  85              	.L6:
  86 002e 00BF     		.align	2
  87              	.L5:
  88 0030 00000000 		.word	hi2c2
  89 0034 00580040 		.word	1073764352
  90 0038 801A0600 		.word	400000
  91              		.cfi_endproc
  92              	.LFE235:
  94              		.section	.text.MX_I2C3_Init,"ax",%progbits
  95              		.align	1
  96              		.global	MX_I2C3_Init
  97              		.syntax unified
  98              		.thumb
  99              		.thumb_func
 101              	MX_I2C3_Init:
 102              	.LFB236:
  61:Src/i2c.c     **** /* I2C3 init function */
  62:Src/i2c.c     **** void MX_I2C3_Init(void)
  63:Src/i2c.c     **** {
 103              		.loc 1 63 1 is_stmt 1 view -0
 104              		.cfi_startproc
 105              		@ args = 0, pretend = 0, frame = 0
 106              		@ frame_needed = 0, uses_anonymous_args = 0
 107 0000 08B5     		push	{r3, lr}
 108              	.LCFI1:
 109              		.cfi_def_cfa_offset 8
 110              		.cfi_offset 3, -8
ARM GAS  C:\Users\29237\AppData\Local\Temp\ccfQhia9.s 			page 4


 111              		.cfi_offset 14, -4
  64:Src/i2c.c     **** 
  65:Src/i2c.c     ****   /* USER CODE BEGIN I2C3_Init 0 */
  66:Src/i2c.c     **** 
  67:Src/i2c.c     ****   /* USER CODE END I2C3_Init 0 */
  68:Src/i2c.c     **** 
  69:Src/i2c.c     ****   /* USER CODE BEGIN I2C3_Init 1 */
  70:Src/i2c.c     **** 
  71:Src/i2c.c     ****   /* USER CODE END I2C3_Init 1 */
  72:Src/i2c.c     ****   hi2c3.Instance = I2C3;
 112              		.loc 1 72 3 view .LVU26
 113              		.loc 1 72 18 is_stmt 0 view .LVU27
 114 0002 0B48     		ldr	r0, .L11
 115 0004 0B4B     		ldr	r3, .L11+4
 116 0006 0360     		str	r3, [r0]
  73:Src/i2c.c     ****   hi2c3.Init.ClockSpeed = 400000;
 117              		.loc 1 73 3 is_stmt 1 view .LVU28
 118              		.loc 1 73 25 is_stmt 0 view .LVU29
 119 0008 0B4B     		ldr	r3, .L11+8
 120 000a 4360     		str	r3, [r0, #4]
  74:Src/i2c.c     ****   hi2c3.Init.DutyCycle = I2C_DUTYCYCLE_2;
 121              		.loc 1 74 3 is_stmt 1 view .LVU30
 122              		.loc 1 74 24 is_stmt 0 view .LVU31
 123 000c 0023     		movs	r3, #0
 124 000e 8360     		str	r3, [r0, #8]
  75:Src/i2c.c     ****   hi2c3.Init.OwnAddress1 = 0;
 125              		.loc 1 75 3 is_stmt 1 view .LVU32
 126              		.loc 1 75 26 is_stmt 0 view .LVU33
 127 0010 C360     		str	r3, [r0, #12]
  76:Src/i2c.c     ****   hi2c3.Init.AddressingMode = I2C_ADDRESSINGMODE_7BIT;
 128              		.loc 1 76 3 is_stmt 1 view .LVU34
 129              		.loc 1 76 29 is_stmt 0 view .LVU35
 130 0012 4FF48042 		mov	r2, #16384
 131 0016 0261     		str	r2, [r0, #16]
  77:Src/i2c.c     ****   hi2c3.Init.DualAddressMode = I2C_DUALADDRESS_DISABLE;
 132              		.loc 1 77 3 is_stmt 1 view .LVU36
 133              		.loc 1 77 30 is_stmt 0 view .LVU37
 134 0018 4361     		str	r3, [r0, #20]
  78:Src/i2c.c     ****   hi2c3.Init.OwnAddress2 = 0;
 135              		.loc 1 78 3 is_stmt 1 view .LVU38
 136              		.loc 1 78 26 is_stmt 0 view .LVU39
 137 001a 8361     		str	r3, [r0, #24]
  79:Src/i2c.c     ****   hi2c3.Init.GeneralCallMode = I2C_GENERALCALL_DISABLE;
 138              		.loc 1 79 3 is_stmt 1 view .LVU40
 139              		.loc 1 79 30 is_stmt 0 view .LVU41
 140 001c C361     		str	r3, [r0, #28]
  80:Src/i2c.c     ****   hi2c3.Init.NoStretchMode = I2C_NOSTRETCH_DISABLE;
 141              		.loc 1 80 3 is_stmt 1 view .LVU42
 142              		.loc 1 80 28 is_stmt 0 view .LVU43
 143 001e 0362     		str	r3, [r0, #32]
  81:Src/i2c.c     ****   if (HAL_I2C_Init(&hi2c3) != HAL_OK)
 144              		.loc 1 81 3 is_stmt 1 view .LVU44
 145              		.loc 1 81 7 is_stmt 0 view .LVU45
 146 0020 FFF7FEFF 		bl	HAL_I2C_Init
 147              	.LVL2:
 148              		.loc 1 81 6 discriminator 1 view .LVU46
 149 0024 00B9     		cbnz	r0, .L10
ARM GAS  C:\Users\29237\AppData\Local\Temp\ccfQhia9.s 			page 5


 150              	.L7:
  82:Src/i2c.c     ****   {
  83:Src/i2c.c     ****     Error_Handler();
  84:Src/i2c.c     ****   }
  85:Src/i2c.c     ****   /* USER CODE BEGIN I2C3_Init 2 */
  86:Src/i2c.c     **** 
  87:Src/i2c.c     ****   /* USER CODE END I2C3_Init 2 */
  88:Src/i2c.c     **** 
  89:Src/i2c.c     **** }
 151              		.loc 1 89 1 view .LVU47
 152 0026 08BD     		pop	{r3, pc}
 153              	.L10:
  83:Src/i2c.c     ****   }
 154              		.loc 1 83 5 is_stmt 1 view .LVU48
 155 0028 FFF7FEFF 		bl	Error_Handler
 156              	.LVL3:
 157              		.loc 1 89 1 is_stmt 0 view .LVU49
 158 002c FBE7     		b	.L7
 159              	.L12:
 160 002e 00BF     		.align	2
 161              	.L11:
 162 0030 00000000 		.word	hi2c3
 163 0034 005C0040 		.word	1073765376
 164 0038 801A0600 		.word	400000
 165              		.cfi_endproc
 166              	.LFE236:
 168              		.section	.text.HAL_I2C_MspInit,"ax",%progbits
 169              		.align	1
 170              		.global	HAL_I2C_MspInit
 171              		.syntax unified
 172              		.thumb
 173              		.thumb_func
 175              	HAL_I2C_MspInit:
 176              	.LVL4:
 177              	.LFB237:
  90:Src/i2c.c     **** 
  91:Src/i2c.c     **** void HAL_I2C_MspInit(I2C_HandleTypeDef* i2cHandle)
  92:Src/i2c.c     **** {
 178              		.loc 1 92 1 is_stmt 1 view -0
 179              		.cfi_startproc
 180              		@ args = 0, pretend = 0, frame = 40
 181              		@ frame_needed = 0, uses_anonymous_args = 0
 182              		.loc 1 92 1 is_stmt 0 view .LVU51
 183 0000 2DE9F043 		push	{r4, r5, r6, r7, r8, r9, lr}
 184              	.LCFI2:
 185              		.cfi_def_cfa_offset 28
 186              		.cfi_offset 4, -28
 187              		.cfi_offset 5, -24
 188              		.cfi_offset 6, -20
 189              		.cfi_offset 7, -16
 190              		.cfi_offset 8, -12
 191              		.cfi_offset 9, -8
 192              		.cfi_offset 14, -4
 193 0004 8BB0     		sub	sp, sp, #44
 194              	.LCFI3:
 195              		.cfi_def_cfa_offset 72
  93:Src/i2c.c     **** 
ARM GAS  C:\Users\29237\AppData\Local\Temp\ccfQhia9.s 			page 6


  94:Src/i2c.c     ****   GPIO_InitTypeDef GPIO_InitStruct = {0};
 196              		.loc 1 94 3 is_stmt 1 view .LVU52
 197              		.loc 1 94 20 is_stmt 0 view .LVU53
 198 0006 0023     		movs	r3, #0
 199 0008 0593     		str	r3, [sp, #20]
 200 000a 0693     		str	r3, [sp, #24]
 201 000c 0793     		str	r3, [sp, #28]
 202 000e 0893     		str	r3, [sp, #32]
 203 0010 0993     		str	r3, [sp, #36]
  95:Src/i2c.c     ****   if(i2cHandle->Instance==I2C2)
 204              		.loc 1 95 3 is_stmt 1 view .LVU54
 205              		.loc 1 95 15 is_stmt 0 view .LVU55
 206 0012 0368     		ldr	r3, [r0]
 207              		.loc 1 95 5 view .LVU56
 208 0014 5F4A     		ldr	r2, .L23
 209 0016 9342     		cmp	r3, r2
 210 0018 05D0     		beq	.L19
  96:Src/i2c.c     ****   {
  97:Src/i2c.c     ****   /* USER CODE BEGIN I2C2_MspInit 0 */
  98:Src/i2c.c     **** 
  99:Src/i2c.c     ****   /* USER CODE END I2C2_MspInit 0 */
 100:Src/i2c.c     **** 
 101:Src/i2c.c     ****     __HAL_RCC_GPIOF_CLK_ENABLE();
 102:Src/i2c.c     ****     /**I2C2 GPIO Configuration
 103:Src/i2c.c     ****     PF0     ------> I2C2_SDA
 104:Src/i2c.c     ****     PF1     ------> I2C2_SCL
 105:Src/i2c.c     ****     */
 106:Src/i2c.c     ****     GPIO_InitStruct.Pin = GPIO_PIN_0|GPIO_PIN_1;
 107:Src/i2c.c     ****     GPIO_InitStruct.Mode = GPIO_MODE_AF_OD;
 108:Src/i2c.c     ****     GPIO_InitStruct.Pull = GPIO_NOPULL;
 109:Src/i2c.c     ****     GPIO_InitStruct.Speed = GPIO_SPEED_FREQ_VERY_HIGH;
 110:Src/i2c.c     ****     GPIO_InitStruct.Alternate = GPIO_AF4_I2C2;
 111:Src/i2c.c     ****     HAL_GPIO_Init(GPIOF, &GPIO_InitStruct);
 112:Src/i2c.c     **** 
 113:Src/i2c.c     ****     /* I2C2 clock enable */
 114:Src/i2c.c     ****     __HAL_RCC_I2C2_CLK_ENABLE();
 115:Src/i2c.c     **** 
 116:Src/i2c.c     ****     /* I2C2 DMA Init */
 117:Src/i2c.c     ****     /* I2C2_RX Init */
 118:Src/i2c.c     ****     hdma_i2c2_rx.Instance = DMA1_Stream2;
 119:Src/i2c.c     ****     hdma_i2c2_rx.Init.Channel = DMA_CHANNEL_7;
 120:Src/i2c.c     ****     hdma_i2c2_rx.Init.Direction = DMA_PERIPH_TO_MEMORY;
 121:Src/i2c.c     ****     hdma_i2c2_rx.Init.PeriphInc = DMA_PINC_DISABLE;
 122:Src/i2c.c     ****     hdma_i2c2_rx.Init.MemInc = DMA_MINC_ENABLE;
 123:Src/i2c.c     ****     hdma_i2c2_rx.Init.PeriphDataAlignment = DMA_PDATAALIGN_BYTE;
 124:Src/i2c.c     ****     hdma_i2c2_rx.Init.MemDataAlignment = DMA_MDATAALIGN_BYTE;
 125:Src/i2c.c     ****     hdma_i2c2_rx.Init.Mode = DMA_NORMAL;
 126:Src/i2c.c     ****     hdma_i2c2_rx.Init.Priority = DMA_PRIORITY_LOW;
 127:Src/i2c.c     ****     hdma_i2c2_rx.Init.FIFOMode = DMA_FIFOMODE_DISABLE;
 128:Src/i2c.c     ****     if (HAL_DMA_Init(&hdma_i2c2_rx) != HAL_OK)
 129:Src/i2c.c     ****     {
 130:Src/i2c.c     ****       Error_Handler();
 131:Src/i2c.c     ****     }
 132:Src/i2c.c     **** 
 133:Src/i2c.c     ****     __HAL_LINKDMA(i2cHandle,hdmarx,hdma_i2c2_rx);
 134:Src/i2c.c     **** 
 135:Src/i2c.c     ****     /* I2C2_TX Init */
ARM GAS  C:\Users\29237\AppData\Local\Temp\ccfQhia9.s 			page 7


 136:Src/i2c.c     ****     hdma_i2c2_tx.Instance = DMA1_Stream7;
 137:Src/i2c.c     ****     hdma_i2c2_tx.Init.Channel = DMA_CHANNEL_7;
 138:Src/i2c.c     ****     hdma_i2c2_tx.Init.Direction = DMA_MEMORY_TO_PERIPH;
 139:Src/i2c.c     ****     hdma_i2c2_tx.Init.PeriphInc = DMA_PINC_DISABLE;
 140:Src/i2c.c     ****     hdma_i2c2_tx.Init.MemInc = DMA_MINC_ENABLE;
 141:Src/i2c.c     ****     hdma_i2c2_tx.Init.PeriphDataAlignment = DMA_PDATAALIGN_BYTE;
 142:Src/i2c.c     ****     hdma_i2c2_tx.Init.MemDataAlignment = DMA_MDATAALIGN_BYTE;
 143:Src/i2c.c     ****     hdma_i2c2_tx.Init.Mode = DMA_NORMAL;
 144:Src/i2c.c     ****     hdma_i2c2_tx.Init.Priority = DMA_PRIORITY_LOW;
 145:Src/i2c.c     ****     hdma_i2c2_tx.Init.FIFOMode = DMA_FIFOMODE_DISABLE;
 146:Src/i2c.c     ****     if (HAL_DMA_Init(&hdma_i2c2_tx) != HAL_OK)
 147:Src/i2c.c     ****     {
 148:Src/i2c.c     ****       Error_Handler();
 149:Src/i2c.c     ****     }
 150:Src/i2c.c     **** 
 151:Src/i2c.c     ****     __HAL_LINKDMA(i2cHandle,hdmatx,hdma_i2c2_tx);
 152:Src/i2c.c     **** 
 153:Src/i2c.c     ****     /* I2C2 interrupt Init */
 154:Src/i2c.c     ****     HAL_NVIC_SetPriority(I2C2_EV_IRQn, 5, 0);
 155:Src/i2c.c     ****     HAL_NVIC_EnableIRQ(I2C2_EV_IRQn);
 156:Src/i2c.c     ****     HAL_NVIC_SetPriority(I2C2_ER_IRQn, 5, 0);
 157:Src/i2c.c     ****     HAL_NVIC_EnableIRQ(I2C2_ER_IRQn);
 158:Src/i2c.c     ****   /* USER CODE BEGIN I2C2_MspInit 1 */
 159:Src/i2c.c     **** 
 160:Src/i2c.c     ****   /* USER CODE END I2C2_MspInit 1 */
 161:Src/i2c.c     ****   }
 162:Src/i2c.c     ****   else if(i2cHandle->Instance==I2C3)
 211              		.loc 1 162 8 is_stmt 1 view .LVU57
 212              		.loc 1 162 10 is_stmt 0 view .LVU58
 213 001a 5F4A     		ldr	r2, .L23+4
 214 001c 9342     		cmp	r3, r2
 215 001e 69D0     		beq	.L20
 216              	.LVL5:
 217              	.L13:
 163:Src/i2c.c     ****   {
 164:Src/i2c.c     ****   /* USER CODE BEGIN I2C3_MspInit 0 */
 165:Src/i2c.c     **** 
 166:Src/i2c.c     ****   /* USER CODE END I2C3_MspInit 0 */
 167:Src/i2c.c     **** 
 168:Src/i2c.c     ****     __HAL_RCC_GPIOC_CLK_ENABLE();
 169:Src/i2c.c     ****     __HAL_RCC_GPIOA_CLK_ENABLE();
 170:Src/i2c.c     ****     /**I2C3 GPIO Configuration
 171:Src/i2c.c     ****     PC9     ------> I2C3_SDA
 172:Src/i2c.c     ****     PA8     ------> I2C3_SCL
 173:Src/i2c.c     ****     */
 174:Src/i2c.c     ****     GPIO_InitStruct.Pin = GPIO_PIN_9;
 175:Src/i2c.c     ****     GPIO_InitStruct.Mode = GPIO_MODE_AF_OD;
 176:Src/i2c.c     ****     GPIO_InitStruct.Pull = GPIO_NOPULL;
 177:Src/i2c.c     ****     GPIO_InitStruct.Speed = GPIO_SPEED_FREQ_VERY_HIGH;
 178:Src/i2c.c     ****     GPIO_InitStruct.Alternate = GPIO_AF4_I2C3;
 179:Src/i2c.c     ****     HAL_GPIO_Init(GPIOC, &GPIO_InitStruct);
 180:Src/i2c.c     **** 
 181:Src/i2c.c     ****     GPIO_InitStruct.Pin = GPIO_PIN_8;
 182:Src/i2c.c     ****     GPIO_InitStruct.Mode = GPIO_MODE_AF_OD;
 183:Src/i2c.c     ****     GPIO_InitStruct.Pull = GPIO_NOPULL;
 184:Src/i2c.c     ****     GPIO_InitStruct.Speed = GPIO_SPEED_FREQ_VERY_HIGH;
 185:Src/i2c.c     ****     GPIO_InitStruct.Alternate = GPIO_AF4_I2C3;
ARM GAS  C:\Users\29237\AppData\Local\Temp\ccfQhia9.s 			page 8


 186:Src/i2c.c     ****     HAL_GPIO_Init(GPIOA, &GPIO_InitStruct);
 187:Src/i2c.c     **** 
 188:Src/i2c.c     ****     /* I2C3 clock enable */
 189:Src/i2c.c     ****     __HAL_RCC_I2C3_CLK_ENABLE();
 190:Src/i2c.c     **** 
 191:Src/i2c.c     ****     /* I2C3 interrupt Init */
 192:Src/i2c.c     ****     HAL_NVIC_SetPriority(I2C3_EV_IRQn, 5, 0);
 193:Src/i2c.c     ****     HAL_NVIC_EnableIRQ(I2C3_EV_IRQn);
 194:Src/i2c.c     ****     HAL_NVIC_SetPriority(I2C3_ER_IRQn, 5, 0);
 195:Src/i2c.c     ****     HAL_NVIC_EnableIRQ(I2C3_ER_IRQn);
 196:Src/i2c.c     ****   /* USER CODE BEGIN I2C3_MspInit 1 */
 197:Src/i2c.c     **** 
 198:Src/i2c.c     ****   /* USER CODE END I2C3_MspInit 1 */
 199:Src/i2c.c     ****   }
 200:Src/i2c.c     **** }
 218              		.loc 1 200 1 view .LVU59
 219 0020 0BB0     		add	sp, sp, #44
 220              	.LCFI4:
 221              		.cfi_remember_state
 222              		.cfi_def_cfa_offset 28
 223              		@ sp needed
 224 0022 BDE8F083 		pop	{r4, r5, r6, r7, r8, r9, pc}
 225              	.LVL6:
 226              	.L19:
 227              	.LCFI5:
 228              		.cfi_restore_state
 229              		.loc 1 200 1 view .LVU60
 230 0026 0446     		mov	r4, r0
 101:Src/i2c.c     ****     /**I2C2 GPIO Configuration
 231              		.loc 1 101 5 is_stmt 1 view .LVU61
 232              	.LBB2:
 101:Src/i2c.c     ****     /**I2C2 GPIO Configuration
 233              		.loc 1 101 5 view .LVU62
 234 0028 0025     		movs	r5, #0
 235 002a 0095     		str	r5, [sp]
 101:Src/i2c.c     ****     /**I2C2 GPIO Configuration
 236              		.loc 1 101 5 view .LVU63
 237 002c 5B4E     		ldr	r6, .L23+8
 238 002e 336B     		ldr	r3, [r6, #48]
 239 0030 43F02003 		orr	r3, r3, #32
 240 0034 3363     		str	r3, [r6, #48]
 101:Src/i2c.c     ****     /**I2C2 GPIO Configuration
 241              		.loc 1 101 5 view .LVU64
 242 0036 336B     		ldr	r3, [r6, #48]
 243 0038 03F02003 		and	r3, r3, #32
 244 003c 0093     		str	r3, [sp]
 101:Src/i2c.c     ****     /**I2C2 GPIO Configuration
 245              		.loc 1 101 5 view .LVU65
 246 003e 009B     		ldr	r3, [sp]
 247              	.LBE2:
 101:Src/i2c.c     ****     /**I2C2 GPIO Configuration
 248              		.loc 1 101 5 view .LVU66
 106:Src/i2c.c     ****     GPIO_InitStruct.Mode = GPIO_MODE_AF_OD;
 249              		.loc 1 106 5 view .LVU67
 106:Src/i2c.c     ****     GPIO_InitStruct.Mode = GPIO_MODE_AF_OD;
 250              		.loc 1 106 25 is_stmt 0 view .LVU68
 251 0040 0323     		movs	r3, #3
ARM GAS  C:\Users\29237\AppData\Local\Temp\ccfQhia9.s 			page 9


 252 0042 0593     		str	r3, [sp, #20]
 107:Src/i2c.c     ****     GPIO_InitStruct.Pull = GPIO_NOPULL;
 253              		.loc 1 107 5 is_stmt 1 view .LVU69
 107:Src/i2c.c     ****     GPIO_InitStruct.Pull = GPIO_NOPULL;
 254              		.loc 1 107 26 is_stmt 0 view .LVU70
 255 0044 1222     		movs	r2, #18
 256 0046 0692     		str	r2, [sp, #24]
 108:Src/i2c.c     ****     GPIO_InitStruct.Speed = GPIO_SPEED_FREQ_VERY_HIGH;
 257              		.loc 1 108 5 is_stmt 1 view .LVU71
 109:Src/i2c.c     ****     GPIO_InitStruct.Alternate = GPIO_AF4_I2C2;
 258              		.loc 1 109 5 view .LVU72
 109:Src/i2c.c     ****     GPIO_InitStruct.Alternate = GPIO_AF4_I2C2;
 259              		.loc 1 109 27 is_stmt 0 view .LVU73
 260 0048 0893     		str	r3, [sp, #32]
 110:Src/i2c.c     ****     HAL_GPIO_Init(GPIOF, &GPIO_InitStruct);
 261              		.loc 1 110 5 is_stmt 1 view .LVU74
 110:Src/i2c.c     ****     HAL_GPIO_Init(GPIOF, &GPIO_InitStruct);
 262              		.loc 1 110 31 is_stmt 0 view .LVU75
 263 004a 0423     		movs	r3, #4
 264 004c 0993     		str	r3, [sp, #36]
 111:Src/i2c.c     **** 
 265              		.loc 1 111 5 is_stmt 1 view .LVU76
 266 004e 05A9     		add	r1, sp, #20
 267 0050 5348     		ldr	r0, .L23+12
 268              	.LVL7:
 111:Src/i2c.c     **** 
 269              		.loc 1 111 5 is_stmt 0 view .LVU77
 270 0052 FFF7FEFF 		bl	HAL_GPIO_Init
 271              	.LVL8:
 114:Src/i2c.c     **** 
 272              		.loc 1 114 5 is_stmt 1 view .LVU78
 273              	.LBB3:
 114:Src/i2c.c     **** 
 274              		.loc 1 114 5 view .LVU79
 275 0056 0195     		str	r5, [sp, #4]
 114:Src/i2c.c     **** 
 276              		.loc 1 114 5 view .LVU80
 277 0058 336C     		ldr	r3, [r6, #64]
 278 005a 43F48003 		orr	r3, r3, #4194304
 279 005e 3364     		str	r3, [r6, #64]
 114:Src/i2c.c     **** 
 280              		.loc 1 114 5 view .LVU81
 281 0060 336C     		ldr	r3, [r6, #64]
 282 0062 03F48003 		and	r3, r3, #4194304
 283 0066 0193     		str	r3, [sp, #4]
 114:Src/i2c.c     **** 
 284              		.loc 1 114 5 view .LVU82
 285 0068 019B     		ldr	r3, [sp, #4]
 286              	.LBE3:
 114:Src/i2c.c     **** 
 287              		.loc 1 114 5 view .LVU83
 118:Src/i2c.c     ****     hdma_i2c2_rx.Init.Channel = DMA_CHANNEL_7;
 288              		.loc 1 118 5 view .LVU84
 118:Src/i2c.c     ****     hdma_i2c2_rx.Init.Channel = DMA_CHANNEL_7;
 289              		.loc 1 118 27 is_stmt 0 view .LVU85
 290 006a 4E48     		ldr	r0, .L23+16
 291 006c 4E4B     		ldr	r3, .L23+20
ARM GAS  C:\Users\29237\AppData\Local\Temp\ccfQhia9.s 			page 10


 292 006e 0360     		str	r3, [r0]
 119:Src/i2c.c     ****     hdma_i2c2_rx.Init.Direction = DMA_PERIPH_TO_MEMORY;
 293              		.loc 1 119 5 is_stmt 1 view .LVU86
 119:Src/i2c.c     ****     hdma_i2c2_rx.Init.Direction = DMA_PERIPH_TO_MEMORY;
 294              		.loc 1 119 31 is_stmt 0 view .LVU87
 295 0070 4FF06063 		mov	r3, #234881024
 296 0074 4360     		str	r3, [r0, #4]
 120:Src/i2c.c     ****     hdma_i2c2_rx.Init.PeriphInc = DMA_PINC_DISABLE;
 297              		.loc 1 120 5 is_stmt 1 view .LVU88
 120:Src/i2c.c     ****     hdma_i2c2_rx.Init.PeriphInc = DMA_PINC_DISABLE;
 298              		.loc 1 120 33 is_stmt 0 view .LVU89
 299 0076 8560     		str	r5, [r0, #8]
 121:Src/i2c.c     ****     hdma_i2c2_rx.Init.MemInc = DMA_MINC_ENABLE;
 300              		.loc 1 121 5 is_stmt 1 view .LVU90
 121:Src/i2c.c     ****     hdma_i2c2_rx.Init.MemInc = DMA_MINC_ENABLE;
 301              		.loc 1 121 33 is_stmt 0 view .LVU91
 302 0078 C560     		str	r5, [r0, #12]
 122:Src/i2c.c     ****     hdma_i2c2_rx.Init.PeriphDataAlignment = DMA_PDATAALIGN_BYTE;
 303              		.loc 1 122 5 is_stmt 1 view .LVU92
 122:Src/i2c.c     ****     hdma_i2c2_rx.Init.PeriphDataAlignment = DMA_PDATAALIGN_BYTE;
 304              		.loc 1 122 30 is_stmt 0 view .LVU93
 305 007a 4FF48063 		mov	r3, #1024
 306 007e 0361     		str	r3, [r0, #16]
 123:Src/i2c.c     ****     hdma_i2c2_rx.Init.MemDataAlignment = DMA_MDATAALIGN_BYTE;
 307              		.loc 1 123 5 is_stmt 1 view .LVU94
 123:Src/i2c.c     ****     hdma_i2c2_rx.Init.MemDataAlignment = DMA_MDATAALIGN_BYTE;
 308              		.loc 1 123 43 is_stmt 0 view .LVU95
 309 0080 4561     		str	r5, [r0, #20]
 124:Src/i2c.c     ****     hdma_i2c2_rx.Init.Mode = DMA_NORMAL;
 310              		.loc 1 124 5 is_stmt 1 view .LVU96
 124:Src/i2c.c     ****     hdma_i2c2_rx.Init.Mode = DMA_NORMAL;
 311              		.loc 1 124 40 is_stmt 0 view .LVU97
 312 0082 8561     		str	r5, [r0, #24]
 125:Src/i2c.c     ****     hdma_i2c2_rx.Init.Priority = DMA_PRIORITY_LOW;
 313              		.loc 1 125 5 is_stmt 1 view .LVU98
 125:Src/i2c.c     ****     hdma_i2c2_rx.Init.Priority = DMA_PRIORITY_LOW;
 314              		.loc 1 125 28 is_stmt 0 view .LVU99
 315 0084 C561     		str	r5, [r0, #28]
 126:Src/i2c.c     ****     hdma_i2c2_rx.Init.FIFOMode = DMA_FIFOMODE_DISABLE;
 316              		.loc 1 126 5 is_stmt 1 view .LVU100
 126:Src/i2c.c     ****     hdma_i2c2_rx.Init.FIFOMode = DMA_FIFOMODE_DISABLE;
 317              		.loc 1 126 32 is_stmt 0 view .LVU101
 318 0086 0562     		str	r5, [r0, #32]
 127:Src/i2c.c     ****     if (HAL_DMA_Init(&hdma_i2c2_rx) != HAL_OK)
 319              		.loc 1 127 5 is_stmt 1 view .LVU102
 127:Src/i2c.c     ****     if (HAL_DMA_Init(&hdma_i2c2_rx) != HAL_OK)
 320              		.loc 1 127 32 is_stmt 0 view .LVU103
 321 0088 4562     		str	r5, [r0, #36]
 128:Src/i2c.c     ****     {
 322              		.loc 1 128 5 is_stmt 1 view .LVU104
 128:Src/i2c.c     ****     {
 323              		.loc 1 128 9 is_stmt 0 view .LVU105
 324 008a FFF7FEFF 		bl	HAL_DMA_Init
 325              	.LVL9:
 128:Src/i2c.c     ****     {
 326              		.loc 1 128 8 discriminator 1 view .LVU106
 327 008e 58BB     		cbnz	r0, .L21
ARM GAS  C:\Users\29237\AppData\Local\Temp\ccfQhia9.s 			page 11


 328              	.L15:
 133:Src/i2c.c     **** 
 329              		.loc 1 133 5 is_stmt 1 view .LVU107
 133:Src/i2c.c     **** 
 330              		.loc 1 133 5 view .LVU108
 331 0090 444B     		ldr	r3, .L23+16
 332 0092 A363     		str	r3, [r4, #56]
 133:Src/i2c.c     **** 
 333              		.loc 1 133 5 view .LVU109
 334 0094 9C63     		str	r4, [r3, #56]
 133:Src/i2c.c     **** 
 335              		.loc 1 133 5 view .LVU110
 136:Src/i2c.c     ****     hdma_i2c2_tx.Init.Channel = DMA_CHANNEL_7;
 336              		.loc 1 136 5 view .LVU111
 136:Src/i2c.c     ****     hdma_i2c2_tx.Init.Channel = DMA_CHANNEL_7;
 337              		.loc 1 136 27 is_stmt 0 view .LVU112
 338 0096 4548     		ldr	r0, .L23+24
 339 0098 454B     		ldr	r3, .L23+28
 340 009a 0360     		str	r3, [r0]
 137:Src/i2c.c     ****     hdma_i2c2_tx.Init.Direction = DMA_MEMORY_TO_PERIPH;
 341              		.loc 1 137 5 is_stmt 1 view .LVU113
 137:Src/i2c.c     ****     hdma_i2c2_tx.Init.Direction = DMA_MEMORY_TO_PERIPH;
 342              		.loc 1 137 31 is_stmt 0 view .LVU114
 343 009c 4FF06063 		mov	r3, #234881024
 344 00a0 4360     		str	r3, [r0, #4]
 138:Src/i2c.c     ****     hdma_i2c2_tx.Init.PeriphInc = DMA_PINC_DISABLE;
 345              		.loc 1 138 5 is_stmt 1 view .LVU115
 138:Src/i2c.c     ****     hdma_i2c2_tx.Init.PeriphInc = DMA_PINC_DISABLE;
 346              		.loc 1 138 33 is_stmt 0 view .LVU116
 347 00a2 4023     		movs	r3, #64
 348 00a4 8360     		str	r3, [r0, #8]
 139:Src/i2c.c     ****     hdma_i2c2_tx.Init.MemInc = DMA_MINC_ENABLE;
 349              		.loc 1 139 5 is_stmt 1 view .LVU117
 139:Src/i2c.c     ****     hdma_i2c2_tx.Init.MemInc = DMA_MINC_ENABLE;
 350              		.loc 1 139 33 is_stmt 0 view .LVU118
 351 00a6 0023     		movs	r3, #0
 352 00a8 C360     		str	r3, [r0, #12]
 140:Src/i2c.c     ****     hdma_i2c2_tx.Init.PeriphDataAlignment = DMA_PDATAALIGN_BYTE;
 353              		.loc 1 140 5 is_stmt 1 view .LVU119
 140:Src/i2c.c     ****     hdma_i2c2_tx.Init.PeriphDataAlignment = DMA_PDATAALIGN_BYTE;
 354              		.loc 1 140 30 is_stmt 0 view .LVU120
 355 00aa 4FF48062 		mov	r2, #1024
 356 00ae 0261     		str	r2, [r0, #16]
 141:Src/i2c.c     ****     hdma_i2c2_tx.Init.MemDataAlignment = DMA_MDATAALIGN_BYTE;
 357              		.loc 1 141 5 is_stmt 1 view .LVU121
 141:Src/i2c.c     ****     hdma_i2c2_tx.Init.MemDataAlignment = DMA_MDATAALIGN_BYTE;
 358              		.loc 1 141 43 is_stmt 0 view .LVU122
 359 00b0 4361     		str	r3, [r0, #20]
 142:Src/i2c.c     ****     hdma_i2c2_tx.Init.Mode = DMA_NORMAL;
 360              		.loc 1 142 5 is_stmt 1 view .LVU123
 142:Src/i2c.c     ****     hdma_i2c2_tx.Init.Mode = DMA_NORMAL;
 361              		.loc 1 142 40 is_stmt 0 view .LVU124
 362 00b2 8361     		str	r3, [r0, #24]
 143:Src/i2c.c     ****     hdma_i2c2_tx.Init.Priority = DMA_PRIORITY_LOW;
 363              		.loc 1 143 5 is_stmt 1 view .LVU125
 143:Src/i2c.c     ****     hdma_i2c2_tx.Init.Priority = DMA_PRIORITY_LOW;
 364              		.loc 1 143 28 is_stmt 0 view .LVU126
ARM GAS  C:\Users\29237\AppData\Local\Temp\ccfQhia9.s 			page 12


 365 00b4 C361     		str	r3, [r0, #28]
 144:Src/i2c.c     ****     hdma_i2c2_tx.Init.FIFOMode = DMA_FIFOMODE_DISABLE;
 366              		.loc 1 144 5 is_stmt 1 view .LVU127
 144:Src/i2c.c     ****     hdma_i2c2_tx.Init.FIFOMode = DMA_FIFOMODE_DISABLE;
 367              		.loc 1 144 32 is_stmt 0 view .LVU128
 368 00b6 0362     		str	r3, [r0, #32]
 145:Src/i2c.c     ****     if (HAL_DMA_Init(&hdma_i2c2_tx) != HAL_OK)
 369              		.loc 1 145 5 is_stmt 1 view .LVU129
 145:Src/i2c.c     ****     if (HAL_DMA_Init(&hdma_i2c2_tx) != HAL_OK)
 370              		.loc 1 145 32 is_stmt 0 view .LVU130
 371 00b8 4362     		str	r3, [r0, #36]
 146:Src/i2c.c     ****     {
 372              		.loc 1 146 5 is_stmt 1 view .LVU131
 146:Src/i2c.c     ****     {
 373              		.loc 1 146 9 is_stmt 0 view .LVU132
 374 00ba FFF7FEFF 		bl	HAL_DMA_Init
 375              	.LVL10:
 146:Src/i2c.c     ****     {
 376              		.loc 1 146 8 discriminator 1 view .LVU133
 377 00be B0B9     		cbnz	r0, .L22
 378              	.L16:
 151:Src/i2c.c     **** 
 379              		.loc 1 151 5 is_stmt 1 view .LVU134
 151:Src/i2c.c     **** 
 380              		.loc 1 151 5 view .LVU135
 381 00c0 3A4B     		ldr	r3, .L23+24
 382 00c2 6363     		str	r3, [r4, #52]
 151:Src/i2c.c     **** 
 383              		.loc 1 151 5 view .LVU136
 384 00c4 9C63     		str	r4, [r3, #56]
 151:Src/i2c.c     **** 
 385              		.loc 1 151 5 view .LVU137
 154:Src/i2c.c     ****     HAL_NVIC_EnableIRQ(I2C2_EV_IRQn);
 386              		.loc 1 154 5 view .LVU138
 387 00c6 0022     		movs	r2, #0
 388 00c8 0521     		movs	r1, #5
 389 00ca 2120     		movs	r0, #33
 390 00cc FFF7FEFF 		bl	HAL_NVIC_SetPriority
 391              	.LVL11:
 155:Src/i2c.c     ****     HAL_NVIC_SetPriority(I2C2_ER_IRQn, 5, 0);
 392              		.loc 1 155 5 view .LVU139
 393 00d0 2120     		movs	r0, #33
 394 00d2 FFF7FEFF 		bl	HAL_NVIC_EnableIRQ
 395              	.LVL12:
 156:Src/i2c.c     ****     HAL_NVIC_EnableIRQ(I2C2_ER_IRQn);
 396              		.loc 1 156 5 view .LVU140
 397 00d6 0022     		movs	r2, #0
 398 00d8 0521     		movs	r1, #5
 399 00da 2220     		movs	r0, #34
 400 00dc FFF7FEFF 		bl	HAL_NVIC_SetPriority
 401              	.LVL13:
 157:Src/i2c.c     ****   /* USER CODE BEGIN I2C2_MspInit 1 */
 402              		.loc 1 157 5 view .LVU141
 403 00e0 2220     		movs	r0, #34
 404 00e2 FFF7FEFF 		bl	HAL_NVIC_EnableIRQ
 405              	.LVL14:
 406 00e6 9BE7     		b	.L13
ARM GAS  C:\Users\29237\AppData\Local\Temp\ccfQhia9.s 			page 13


 407              	.L21:
 130:Src/i2c.c     ****     }
 408              		.loc 1 130 7 view .LVU142
 409 00e8 FFF7FEFF 		bl	Error_Handler
 410              	.LVL15:
 411 00ec D0E7     		b	.L15
 412              	.L22:
 148:Src/i2c.c     ****     }
 413              		.loc 1 148 7 view .LVU143
 414 00ee FFF7FEFF 		bl	Error_Handler
 415              	.LVL16:
 416 00f2 E5E7     		b	.L16
 417              	.LVL17:
 418              	.L20:
 168:Src/i2c.c     ****     __HAL_RCC_GPIOA_CLK_ENABLE();
 419              		.loc 1 168 5 view .LVU144
 420              	.LBB4:
 168:Src/i2c.c     ****     __HAL_RCC_GPIOA_CLK_ENABLE();
 421              		.loc 1 168 5 view .LVU145
 422 00f4 0025     		movs	r5, #0
 423 00f6 0295     		str	r5, [sp, #8]
 168:Src/i2c.c     ****     __HAL_RCC_GPIOA_CLK_ENABLE();
 424              		.loc 1 168 5 view .LVU146
 425 00f8 284C     		ldr	r4, .L23+8
 426 00fa 236B     		ldr	r3, [r4, #48]
 427 00fc 43F00403 		orr	r3, r3, #4
 428 0100 2363     		str	r3, [r4, #48]
 168:Src/i2c.c     ****     __HAL_RCC_GPIOA_CLK_ENABLE();
 429              		.loc 1 168 5 view .LVU147
 430 0102 236B     		ldr	r3, [r4, #48]
 431 0104 03F00403 		and	r3, r3, #4
 432 0108 0293     		str	r3, [sp, #8]
 168:Src/i2c.c     ****     __HAL_RCC_GPIOA_CLK_ENABLE();
 433              		.loc 1 168 5 view .LVU148
 434 010a 029B     		ldr	r3, [sp, #8]
 435              	.LBE4:
 168:Src/i2c.c     ****     __HAL_RCC_GPIOA_CLK_ENABLE();
 436              		.loc 1 168 5 view .LVU149
 169:Src/i2c.c     ****     /**I2C3 GPIO Configuration
 437              		.loc 1 169 5 view .LVU150
 438              	.LBB5:
 169:Src/i2c.c     ****     /**I2C3 GPIO Configuration
 439              		.loc 1 169 5 view .LVU151
 440 010c 0395     		str	r5, [sp, #12]
 169:Src/i2c.c     ****     /**I2C3 GPIO Configuration
 441              		.loc 1 169 5 view .LVU152
 442 010e 236B     		ldr	r3, [r4, #48]
 443 0110 43F00103 		orr	r3, r3, #1
 444 0114 2363     		str	r3, [r4, #48]
 169:Src/i2c.c     ****     /**I2C3 GPIO Configuration
 445              		.loc 1 169 5 view .LVU153
 446 0116 236B     		ldr	r3, [r4, #48]
 447 0118 03F00103 		and	r3, r3, #1
 448 011c 0393     		str	r3, [sp, #12]
 169:Src/i2c.c     ****     /**I2C3 GPIO Configuration
 449              		.loc 1 169 5 view .LVU154
 450 011e 039B     		ldr	r3, [sp, #12]
ARM GAS  C:\Users\29237\AppData\Local\Temp\ccfQhia9.s 			page 14


 451              	.LBE5:
 169:Src/i2c.c     ****     /**I2C3 GPIO Configuration
 452              		.loc 1 169 5 view .LVU155
 174:Src/i2c.c     ****     GPIO_InitStruct.Mode = GPIO_MODE_AF_OD;
 453              		.loc 1 174 5 view .LVU156
 174:Src/i2c.c     ****     GPIO_InitStruct.Mode = GPIO_MODE_AF_OD;
 454              		.loc 1 174 25 is_stmt 0 view .LVU157
 455 0120 4FF40073 		mov	r3, #512
 456 0124 0593     		str	r3, [sp, #20]
 175:Src/i2c.c     ****     GPIO_InitStruct.Pull = GPIO_NOPULL;
 457              		.loc 1 175 5 is_stmt 1 view .LVU158
 175:Src/i2c.c     ****     GPIO_InitStruct.Pull = GPIO_NOPULL;
 458              		.loc 1 175 26 is_stmt 0 view .LVU159
 459 0126 4FF01209 		mov	r9, #18
 460 012a CDF81890 		str	r9, [sp, #24]
 176:Src/i2c.c     ****     GPIO_InitStruct.Speed = GPIO_SPEED_FREQ_VERY_HIGH;
 461              		.loc 1 176 5 is_stmt 1 view .LVU160
 177:Src/i2c.c     ****     GPIO_InitStruct.Alternate = GPIO_AF4_I2C3;
 462              		.loc 1 177 5 view .LVU161
 177:Src/i2c.c     ****     GPIO_InitStruct.Alternate = GPIO_AF4_I2C3;
 463              		.loc 1 177 27 is_stmt 0 view .LVU162
 464 012e 4FF00308 		mov	r8, #3
 465 0132 CDF82080 		str	r8, [sp, #32]
 178:Src/i2c.c     ****     HAL_GPIO_Init(GPIOC, &GPIO_InitStruct);
 466              		.loc 1 178 5 is_stmt 1 view .LVU163
 178:Src/i2c.c     ****     HAL_GPIO_Init(GPIOC, &GPIO_InitStruct);
 467              		.loc 1 178 31 is_stmt 0 view .LVU164
 468 0136 0427     		movs	r7, #4
 469 0138 0997     		str	r7, [sp, #36]
 179:Src/i2c.c     **** 
 470              		.loc 1 179 5 is_stmt 1 view .LVU165
 471 013a 05AE     		add	r6, sp, #20
 472 013c 3146     		mov	r1, r6
 473 013e 1D48     		ldr	r0, .L23+32
 474              	.LVL18:
 179:Src/i2c.c     **** 
 475              		.loc 1 179 5 is_stmt 0 view .LVU166
 476 0140 FFF7FEFF 		bl	HAL_GPIO_Init
 477              	.LVL19:
 181:Src/i2c.c     ****     GPIO_InitStruct.Mode = GPIO_MODE_AF_OD;
 478              		.loc 1 181 5 is_stmt 1 view .LVU167
 181:Src/i2c.c     ****     GPIO_InitStruct.Mode = GPIO_MODE_AF_OD;
 479              		.loc 1 181 25 is_stmt 0 view .LVU168
 480 0144 4FF48073 		mov	r3, #256
 481 0148 0593     		str	r3, [sp, #20]
 182:Src/i2c.c     ****     GPIO_InitStruct.Pull = GPIO_NOPULL;
 482              		.loc 1 182 5 is_stmt 1 view .LVU169
 182:Src/i2c.c     ****     GPIO_InitStruct.Pull = GPIO_NOPULL;
 483              		.loc 1 182 26 is_stmt 0 view .LVU170
 484 014a CDF81890 		str	r9, [sp, #24]
 183:Src/i2c.c     ****     GPIO_InitStruct.Speed = GPIO_SPEED_FREQ_VERY_HIGH;
 485              		.loc 1 183 5 is_stmt 1 view .LVU171
 183:Src/i2c.c     ****     GPIO_InitStruct.Speed = GPIO_SPEED_FREQ_VERY_HIGH;
 486              		.loc 1 183 26 is_stmt 0 view .LVU172
 487 014e 0795     		str	r5, [sp, #28]
 184:Src/i2c.c     ****     GPIO_InitStruct.Alternate = GPIO_AF4_I2C3;
 488              		.loc 1 184 5 is_stmt 1 view .LVU173
ARM GAS  C:\Users\29237\AppData\Local\Temp\ccfQhia9.s 			page 15


 184:Src/i2c.c     ****     GPIO_InitStruct.Alternate = GPIO_AF4_I2C3;
 489              		.loc 1 184 27 is_stmt 0 view .LVU174
 490 0150 CDF82080 		str	r8, [sp, #32]
 185:Src/i2c.c     ****     HAL_GPIO_Init(GPIOA, &GPIO_InitStruct);
 491              		.loc 1 185 5 is_stmt 1 view .LVU175
 185:Src/i2c.c     ****     HAL_GPIO_Init(GPIOA, &GPIO_InitStruct);
 492              		.loc 1 185 31 is_stmt 0 view .LVU176
 493 0154 0997     		str	r7, [sp, #36]
 186:Src/i2c.c     **** 
 494              		.loc 1 186 5 is_stmt 1 view .LVU177
 495 0156 3146     		mov	r1, r6
 496 0158 1748     		ldr	r0, .L23+36
 497 015a FFF7FEFF 		bl	HAL_GPIO_Init
 498              	.LVL20:
 189:Src/i2c.c     **** 
 499              		.loc 1 189 5 view .LVU178
 500              	.LBB6:
 189:Src/i2c.c     **** 
 501              		.loc 1 189 5 view .LVU179
 502 015e 0495     		str	r5, [sp, #16]
 189:Src/i2c.c     **** 
 503              		.loc 1 189 5 view .LVU180
 504 0160 236C     		ldr	r3, [r4, #64]
 505 0162 43F40003 		orr	r3, r3, #8388608
 506 0166 2364     		str	r3, [r4, #64]
 189:Src/i2c.c     **** 
 507              		.loc 1 189 5 view .LVU181
 508 0168 236C     		ldr	r3, [r4, #64]
 509 016a 03F40003 		and	r3, r3, #8388608
 510 016e 0493     		str	r3, [sp, #16]
 189:Src/i2c.c     **** 
 511              		.loc 1 189 5 view .LVU182
 512 0170 049B     		ldr	r3, [sp, #16]
 513              	.LBE6:
 189:Src/i2c.c     **** 
 514              		.loc 1 189 5 view .LVU183
 192:Src/i2c.c     ****     HAL_NVIC_EnableIRQ(I2C3_EV_IRQn);
 515              		.loc 1 192 5 view .LVU184
 516 0172 2A46     		mov	r2, r5
 517 0174 0521     		movs	r1, #5
 518 0176 4820     		movs	r0, #72
 519 0178 FFF7FEFF 		bl	HAL_NVIC_SetPriority
 520              	.LVL21:
 193:Src/i2c.c     ****     HAL_NVIC_SetPriority(I2C3_ER_IRQn, 5, 0);
 521              		.loc 1 193 5 view .LVU185
 522 017c 4820     		movs	r0, #72
 523 017e FFF7FEFF 		bl	HAL_NVIC_EnableIRQ
 524              	.LVL22:
 194:Src/i2c.c     ****     HAL_NVIC_EnableIRQ(I2C3_ER_IRQn);
 525              		.loc 1 194 5 view .LVU186
 526 0182 2A46     		mov	r2, r5
 527 0184 0521     		movs	r1, #5
 528 0186 4920     		movs	r0, #73
 529 0188 FFF7FEFF 		bl	HAL_NVIC_SetPriority
 530              	.LVL23:
 195:Src/i2c.c     ****   /* USER CODE BEGIN I2C3_MspInit 1 */
 531              		.loc 1 195 5 view .LVU187
ARM GAS  C:\Users\29237\AppData\Local\Temp\ccfQhia9.s 			page 16


 532 018c 4920     		movs	r0, #73
 533 018e FFF7FEFF 		bl	HAL_NVIC_EnableIRQ
 534              	.LVL24:
 535              		.loc 1 200 1 is_stmt 0 view .LVU188
 536 0192 45E7     		b	.L13
 537              	.L24:
 538              		.align	2
 539              	.L23:
 540 0194 00580040 		.word	1073764352
 541 0198 005C0040 		.word	1073765376
 542 019c 00380240 		.word	1073887232
 543 01a0 00140240 		.word	1073878016
 544 01a4 00000000 		.word	hdma_i2c2_rx
 545 01a8 40600240 		.word	1073897536
 546 01ac 00000000 		.word	hdma_i2c2_tx
 547 01b0 B8600240 		.word	1073897656
 548 01b4 00080240 		.word	1073874944
 549 01b8 00000240 		.word	1073872896
 550              		.cfi_endproc
 551              	.LFE237:
 553              		.section	.text.HAL_I2C_MspDeInit,"ax",%progbits
 554              		.align	1
 555              		.global	HAL_I2C_MspDeInit
 556              		.syntax unified
 557              		.thumb
 558              		.thumb_func
 560              	HAL_I2C_MspDeInit:
 561              	.LVL25:
 562              	.LFB238:
 201:Src/i2c.c     **** 
 202:Src/i2c.c     **** void HAL_I2C_MspDeInit(I2C_HandleTypeDef* i2cHandle)
 203:Src/i2c.c     **** {
 563              		.loc 1 203 1 is_stmt 1 view -0
 564              		.cfi_startproc
 565              		@ args = 0, pretend = 0, frame = 0
 566              		@ frame_needed = 0, uses_anonymous_args = 0
 567              		.loc 1 203 1 is_stmt 0 view .LVU190
 568 0000 38B5     		push	{r3, r4, r5, lr}
 569              	.LCFI6:
 570              		.cfi_def_cfa_offset 16
 571              		.cfi_offset 3, -16
 572              		.cfi_offset 4, -12
 573              		.cfi_offset 5, -8
 574              		.cfi_offset 14, -4
 204:Src/i2c.c     **** 
 205:Src/i2c.c     ****   if(i2cHandle->Instance==I2C2)
 575              		.loc 1 205 3 is_stmt 1 view .LVU191
 576              		.loc 1 205 15 is_stmt 0 view .LVU192
 577 0002 0368     		ldr	r3, [r0]
 578              		.loc 1 205 5 view .LVU193
 579 0004 1D4A     		ldr	r2, .L31
 580 0006 9342     		cmp	r3, r2
 581 0008 03D0     		beq	.L29
 206:Src/i2c.c     ****   {
 207:Src/i2c.c     ****   /* USER CODE BEGIN I2C2_MspDeInit 0 */
 208:Src/i2c.c     **** 
 209:Src/i2c.c     ****   /* USER CODE END I2C2_MspDeInit 0 */
ARM GAS  C:\Users\29237\AppData\Local\Temp\ccfQhia9.s 			page 17


 210:Src/i2c.c     ****     /* Peripheral clock disable */
 211:Src/i2c.c     ****     __HAL_RCC_I2C2_CLK_DISABLE();
 212:Src/i2c.c     **** 
 213:Src/i2c.c     ****     /**I2C2 GPIO Configuration
 214:Src/i2c.c     ****     PF0     ------> I2C2_SDA
 215:Src/i2c.c     ****     PF1     ------> I2C2_SCL
 216:Src/i2c.c     ****     */
 217:Src/i2c.c     ****     HAL_GPIO_DeInit(GPIOF, GPIO_PIN_0);
 218:Src/i2c.c     **** 
 219:Src/i2c.c     ****     HAL_GPIO_DeInit(GPIOF, GPIO_PIN_1);
 220:Src/i2c.c     **** 
 221:Src/i2c.c     ****     /* I2C2 DMA DeInit */
 222:Src/i2c.c     ****     HAL_DMA_DeInit(i2cHandle->hdmarx);
 223:Src/i2c.c     ****     HAL_DMA_DeInit(i2cHandle->hdmatx);
 224:Src/i2c.c     **** 
 225:Src/i2c.c     ****     /* I2C2 interrupt Deinit */
 226:Src/i2c.c     ****     HAL_NVIC_DisableIRQ(I2C2_EV_IRQn);
 227:Src/i2c.c     ****     HAL_NVIC_DisableIRQ(I2C2_ER_IRQn);
 228:Src/i2c.c     ****   /* USER CODE BEGIN I2C2_MspDeInit 1 */
 229:Src/i2c.c     **** 
 230:Src/i2c.c     ****   /* USER CODE END I2C2_MspDeInit 1 */
 231:Src/i2c.c     ****   }
 232:Src/i2c.c     ****   else if(i2cHandle->Instance==I2C3)
 582              		.loc 1 232 8 is_stmt 1 view .LVU194
 583              		.loc 1 232 10 is_stmt 0 view .LVU195
 584 000a 1D4A     		ldr	r2, .L31+4
 585 000c 9342     		cmp	r3, r2
 586 000e 1DD0     		beq	.L30
 587              	.LVL26:
 588              	.L25:
 233:Src/i2c.c     ****   {
 234:Src/i2c.c     ****   /* USER CODE BEGIN I2C3_MspDeInit 0 */
 235:Src/i2c.c     **** 
 236:Src/i2c.c     ****   /* USER CODE END I2C3_MspDeInit 0 */
 237:Src/i2c.c     ****     /* Peripheral clock disable */
 238:Src/i2c.c     ****     __HAL_RCC_I2C3_CLK_DISABLE();
 239:Src/i2c.c     **** 
 240:Src/i2c.c     ****     /**I2C3 GPIO Configuration
 241:Src/i2c.c     ****     PC9     ------> I2C3_SDA
 242:Src/i2c.c     ****     PA8     ------> I2C3_SCL
 243:Src/i2c.c     ****     */
 244:Src/i2c.c     ****     HAL_GPIO_DeInit(GPIOC, GPIO_PIN_9);
 245:Src/i2c.c     **** 
 246:Src/i2c.c     ****     HAL_GPIO_DeInit(GPIOA, GPIO_PIN_8);
 247:Src/i2c.c     **** 
 248:Src/i2c.c     ****     /* I2C3 interrupt Deinit */
 249:Src/i2c.c     ****     HAL_NVIC_DisableIRQ(I2C3_EV_IRQn);
 250:Src/i2c.c     ****     HAL_NVIC_DisableIRQ(I2C3_ER_IRQn);
 251:Src/i2c.c     ****   /* USER CODE BEGIN I2C3_MspDeInit 1 */
 252:Src/i2c.c     **** 
 253:Src/i2c.c     ****   /* USER CODE END I2C3_MspDeInit 1 */
 254:Src/i2c.c     ****   }
 255:Src/i2c.c     **** }
 589              		.loc 1 255 1 view .LVU196
 590 0010 38BD     		pop	{r3, r4, r5, pc}
 591              	.LVL27:
 592              	.L29:
ARM GAS  C:\Users\29237\AppData\Local\Temp\ccfQhia9.s 			page 18


 593              		.loc 1 255 1 view .LVU197
 594 0012 0446     		mov	r4, r0
 211:Src/i2c.c     **** 
 595              		.loc 1 211 5 is_stmt 1 view .LVU198
 596 0014 02F5F032 		add	r2, r2, #122880
 597 0018 136C     		ldr	r3, [r2, #64]
 598 001a 23F48003 		bic	r3, r3, #4194304
 599 001e 1364     		str	r3, [r2, #64]
 217:Src/i2c.c     **** 
 600              		.loc 1 217 5 view .LVU199
 601 0020 184D     		ldr	r5, .L31+8
 602 0022 0121     		movs	r1, #1
 603 0024 2846     		mov	r0, r5
 604              	.LVL28:
 217:Src/i2c.c     **** 
 605              		.loc 1 217 5 is_stmt 0 view .LVU200
 606 0026 FFF7FEFF 		bl	HAL_GPIO_DeInit
 607              	.LVL29:
 219:Src/i2c.c     **** 
 608              		.loc 1 219 5 is_stmt 1 view .LVU201
 609 002a 0221     		movs	r1, #2
 610 002c 2846     		mov	r0, r5
 611 002e FFF7FEFF 		bl	HAL_GPIO_DeInit
 612              	.LVL30:
 222:Src/i2c.c     ****     HAL_DMA_DeInit(i2cHandle->hdmatx);
 613              		.loc 1 222 5 view .LVU202
 614 0032 A06B     		ldr	r0, [r4, #56]
 615 0034 FFF7FEFF 		bl	HAL_DMA_DeInit
 616              	.LVL31:
 223:Src/i2c.c     **** 
 617              		.loc 1 223 5 view .LVU203
 618 0038 606B     		ldr	r0, [r4, #52]
 619 003a FFF7FEFF 		bl	HAL_DMA_DeInit
 620              	.LVL32:
 226:Src/i2c.c     ****     HAL_NVIC_DisableIRQ(I2C2_ER_IRQn);
 621              		.loc 1 226 5 view .LVU204
 622 003e 2120     		movs	r0, #33
 623 0040 FFF7FEFF 		bl	HAL_NVIC_DisableIRQ
 624              	.LVL33:
 227:Src/i2c.c     ****   /* USER CODE BEGIN I2C2_MspDeInit 1 */
 625              		.loc 1 227 5 view .LVU205
 626 0044 2220     		movs	r0, #34
 627 0046 FFF7FEFF 		bl	HAL_NVIC_DisableIRQ
 628              	.LVL34:
 629 004a E1E7     		b	.L25
 630              	.LVL35:
 631              	.L30:
 238:Src/i2c.c     **** 
 632              		.loc 1 238 5 view .LVU206
 633 004c 02F5EE32 		add	r2, r2, #121856
 634 0050 136C     		ldr	r3, [r2, #64]
 635 0052 23F40003 		bic	r3, r3, #8388608
 636 0056 1364     		str	r3, [r2, #64]
 244:Src/i2c.c     **** 
 637              		.loc 1 244 5 view .LVU207
 638 0058 4FF40071 		mov	r1, #512
 639 005c 0A48     		ldr	r0, .L31+12
ARM GAS  C:\Users\29237\AppData\Local\Temp\ccfQhia9.s 			page 19


 640              	.LVL36:
 244:Src/i2c.c     **** 
 641              		.loc 1 244 5 is_stmt 0 view .LVU208
 642 005e FFF7FEFF 		bl	HAL_GPIO_DeInit
 643              	.LVL37:
 246:Src/i2c.c     **** 
 644              		.loc 1 246 5 is_stmt 1 view .LVU209
 645 0062 4FF48071 		mov	r1, #256
 646 0066 0948     		ldr	r0, .L31+16
 647 0068 FFF7FEFF 		bl	HAL_GPIO_DeInit
 648              	.LVL38:
 249:Src/i2c.c     ****     HAL_NVIC_DisableIRQ(I2C3_ER_IRQn);
 649              		.loc 1 249 5 view .LVU210
 650 006c 4820     		movs	r0, #72
 651 006e FFF7FEFF 		bl	HAL_NVIC_DisableIRQ
 652              	.LVL39:
 250:Src/i2c.c     ****   /* USER CODE BEGIN I2C3_MspDeInit 1 */
 653              		.loc 1 250 5 view .LVU211
 654 0072 4920     		movs	r0, #73
 655 0074 FFF7FEFF 		bl	HAL_NVIC_DisableIRQ
 656              	.LVL40:
 657              		.loc 1 255 1 is_stmt 0 view .LVU212
 658 0078 CAE7     		b	.L25
 659              	.L32:
 660 007a 00BF     		.align	2
 661              	.L31:
 662 007c 00580040 		.word	1073764352
 663 0080 005C0040 		.word	1073765376
 664 0084 00140240 		.word	1073878016
 665 0088 00080240 		.word	1073874944
 666 008c 00000240 		.word	1073872896
 667              		.cfi_endproc
 668              	.LFE238:
 670              		.global	hdma_i2c2_tx
 671              		.section	.bss.hdma_i2c2_tx,"aw",%nobits
 672              		.align	2
 675              	hdma_i2c2_tx:
 676 0000 00000000 		.space	96
 676      00000000 
 676      00000000 
 676      00000000 
 676      00000000 
 677              		.global	hdma_i2c2_rx
 678              		.section	.bss.hdma_i2c2_rx,"aw",%nobits
 679              		.align	2
 682              	hdma_i2c2_rx:
 683 0000 00000000 		.space	96
 683      00000000 
 683      00000000 
 683      00000000 
 683      00000000 
 684              		.global	hi2c3
 685              		.section	.bss.hi2c3,"aw",%nobits
 686              		.align	2
 689              	hi2c3:
 690 0000 00000000 		.space	84
 690      00000000 
ARM GAS  C:\Users\29237\AppData\Local\Temp\ccfQhia9.s 			page 20


 690      00000000 
 690      00000000 
 690      00000000 
 691              		.global	hi2c2
 692              		.section	.bss.hi2c2,"aw",%nobits
 693              		.align	2
 696              	hi2c2:
 697 0000 00000000 		.space	84
 697      00000000 
 697      00000000 
 697      00000000 
 697      00000000 
 698              		.text
 699              	.Letext0:
 700              		.file 2 "Drivers/CMSIS/Device/ST/STM32F4xx/Include/stm32f407xx.h"
 701              		.file 3 "D:/arm-gnu-toolchain-14.2.rel1-mingw-w64-x86_64-arm-none-eabi/arm-none-eabi/include/machi
 702              		.file 4 "D:/arm-gnu-toolchain-14.2.rel1-mingw-w64-x86_64-arm-none-eabi/arm-none-eabi/include/sys/_
 703              		.file 5 "Drivers/STM32F4xx_HAL_Driver/Inc/stm32f4xx_hal_def.h"
 704              		.file 6 "Drivers/STM32F4xx_HAL_Driver/Inc/stm32f4xx_hal_gpio.h"
 705              		.file 7 "Drivers/STM32F4xx_HAL_Driver/Inc/stm32f4xx_hal_dma.h"
 706              		.file 8 "Drivers/STM32F4xx_HAL_Driver/Inc/stm32f4xx_hal_i2c.h"
 707              		.file 9 "Inc/i2c.h"
 708              		.file 10 "Drivers/STM32F4xx_HAL_Driver/Inc/stm32f4xx_hal_cortex.h"
 709              		.file 11 "Inc/main.h"
ARM GAS  C:\Users\29237\AppData\Local\Temp\ccfQhia9.s 			page 21


DEFINED SYMBOLS
                            *ABS*:00000000 i2c.c
C:\Users\29237\AppData\Local\Temp\ccfQhia9.s:21     .text.MX_I2C2_Init:00000000 $t
C:\Users\29237\AppData\Local\Temp\ccfQhia9.s:27     .text.MX_I2C2_Init:00000000 MX_I2C2_Init
C:\Users\29237\AppData\Local\Temp\ccfQhia9.s:88     .text.MX_I2C2_Init:00000030 $d
C:\Users\29237\AppData\Local\Temp\ccfQhia9.s:696    .bss.hi2c2:00000000 hi2c2
C:\Users\29237\AppData\Local\Temp\ccfQhia9.s:95     .text.MX_I2C3_Init:00000000 $t
C:\Users\29237\AppData\Local\Temp\ccfQhia9.s:101    .text.MX_I2C3_Init:00000000 MX_I2C3_Init
C:\Users\29237\AppData\Local\Temp\ccfQhia9.s:162    .text.MX_I2C3_Init:00000030 $d
C:\Users\29237\AppData\Local\Temp\ccfQhia9.s:689    .bss.hi2c3:00000000 hi2c3
C:\Users\29237\AppData\Local\Temp\ccfQhia9.s:169    .text.HAL_I2C_MspInit:00000000 $t
C:\Users\29237\AppData\Local\Temp\ccfQhia9.s:175    .text.HAL_I2C_MspInit:00000000 HAL_I2C_MspInit
C:\Users\29237\AppData\Local\Temp\ccfQhia9.s:540    .text.HAL_I2C_MspInit:00000194 $d
C:\Users\29237\AppData\Local\Temp\ccfQhia9.s:682    .bss.hdma_i2c2_rx:00000000 hdma_i2c2_rx
C:\Users\29237\AppData\Local\Temp\ccfQhia9.s:675    .bss.hdma_i2c2_tx:00000000 hdma_i2c2_tx
C:\Users\29237\AppData\Local\Temp\ccfQhia9.s:554    .text.HAL_I2C_MspDeInit:00000000 $t
C:\Users\29237\AppData\Local\Temp\ccfQhia9.s:560    .text.HAL_I2C_MspDeInit:00000000 HAL_I2C_MspDeInit
C:\Users\29237\AppData\Local\Temp\ccfQhia9.s:662    .text.HAL_I2C_MspDeInit:0000007c $d
C:\Users\29237\AppData\Local\Temp\ccfQhia9.s:672    .bss.hdma_i2c2_tx:00000000 $d
C:\Users\29237\AppData\Local\Temp\ccfQhia9.s:679    .bss.hdma_i2c2_rx:00000000 $d
C:\Users\29237\AppData\Local\Temp\ccfQhia9.s:686    .bss.hi2c3:00000000 $d
C:\Users\29237\AppData\Local\Temp\ccfQhia9.s:693    .bss.hi2c2:00000000 $d

UNDEFINED SYMBOLS
HAL_I2C_Init
Error_Handler
HAL_GPIO_Init
HAL_DMA_Init
HAL_NVIC_SetPriority
HAL_NVIC_EnableIRQ
HAL_GPIO_DeInit
HAL_DMA_DeInit
HAL_NVIC_DisableIRQ
